2023-11-02 07:53:47,648 [INFO] Activator:177 - 


2023-11-02 07:53:47,648 [INFO] Activator:178 - !SESSION log4j initialized
2023-11-02 07:53:57,903 [INFO] McuFinderGlobals:39 - Set McuFinder mode to 2 (CubeIDE integrated)
2023-11-02 07:53:58,278 [INFO] ApplicationProperties:181 - Using Application install path: C:\ST\STM32CubeIDE_1.7.0\STM32CubeIDE\plugins\com.st.stm32cube.common.mx_6.3.0.202107141111
2023-11-02 07:53:58,293 [INFO] DbMcusXml:74 - Set database path to: C:\ST\STM32CubeIDE_1.7.0\STM32CubeIDE\plugins\com.st.stm32cube.common.mx_6.3.0.202107141111\\db\/mcu/
2023-11-02 07:53:58,293 [INFO] DbBoardsPdsc:56 - Set plugin database path to: C:\ST\STM32CubeIDE_1.7.0\STM32CubeIDE\plugins\com.st.stm32cube.common.mx_6.3.0.202107141111\\db\/plugins/boardmanager/
2023-11-02 07:53:58,293 [INFO] DbMcus:258 - Set plugin images path to: C:\ST\STM32CubeIDE_1.7.0\STM32CubeIDE\plugins\com.st.stm32cube.common.mx_6.3.0.202107141111\\db\/plugins/mcufinder/images/
2023-11-02 07:53:58,293 [INFO] DbBoards:264 - Set plugin images path to: C:\ST\STM32CubeIDE_1.7.0\STM32CubeIDE\plugins\com.st.stm32cube.common.mx_6.3.0.202107141111\\db\/plugins/mcufinder/images/
2023-11-02 07:53:58,293 [INFO] DbExamples:333 - Set plugin images path to: C:\ST\STM32CubeIDE_1.7.0\STM32CubeIDE\plugins\com.st.stm32cube.common.mx_6.3.0.202107141111\\db\/plugins/mcufinder/images/
2023-11-02 07:53:58,309 [INFO] DbMcusAds:119 - Set database path to: C:\Users\ASUS TUF\.stmcufinder\plugins\mcufinder//mcu/
2023-11-02 07:53:58,309 [INFO] DbMcusDocs:110 - Set database path to: C:\Users\ASUS TUF\.stmcufinder\plugins\mcufinder//mcu/
2023-11-02 07:53:58,309 [INFO] DbMcusJson:64 - Set database path to: C:\Users\ASUS TUF\.stmcufinder\plugins\mcufinder//mcu/
2023-11-02 07:53:58,309 [INFO] DbBoardsDocs:110 - Set database path to: C:\Users\ASUS TUF\.stmcufinder\plugins\mcufinder//mcu/
2023-11-02 07:53:58,309 [INFO] DbBoardsJson:57 - Set database path to: C:\Users\ASUS TUF\.stmcufinder\plugins\mcufinder//mcu/
2023-11-02 07:53:58,325 [INFO] CrossReferenceDbSqlite:196 - Set database path to: C:\Users\ASUS TUF\.stmcufinder\plugins\mcufinder//mcu/cs/
2023-11-02 07:53:58,325 [INFO] DbExamplesSqlite:767 - Set database path to: C:\Users\ASUS TUF\.stmcufinder\plugins\mcufinder//mcu/
2023-11-02 07:53:58,418 [INFO] RulesReader:57 - Compatibility file has been processed (242 Rules)
2023-11-02 07:53:58,496 [INFO] DbMcusXml:74 - Set database path to: C:\ST\STM32CubeIDE_1.7.0\STM32CubeIDE\plugins\com.st.stm32cube.common.mx_6.3.0.202107141111\\db\/mcu/
2023-11-02 07:53:58,496 [INFO] DbBoardsPdsc:56 - Set plugin database path to: C:\ST\STM32CubeIDE_1.7.0\STM32CubeIDE\plugins\com.st.stm32cube.common.mx_6.3.0.202107141111\\db\/plugins/boardmanager/
2023-11-02 07:53:58,496 [INFO] DbMcus:258 - Set plugin images path to: C:\ST\STM32CubeIDE_1.7.0\STM32CubeIDE\plugins\com.st.stm32cube.common.mx_6.3.0.202107141111\\db\/plugins/mcufinder/images/
2023-11-02 07:53:58,496 [INFO] DbBoards:264 - Set plugin images path to: C:\ST\STM32CubeIDE_1.7.0\STM32CubeIDE\plugins\com.st.stm32cube.common.mx_6.3.0.202107141111\\db\/plugins/mcufinder/images/
2023-11-02 07:53:58,496 [INFO] DbExamples:333 - Set plugin images path to: C:\ST\STM32CubeIDE_1.7.0\STM32CubeIDE\plugins\com.st.stm32cube.common.mx_6.3.0.202107141111\\db\/plugins/mcufinder/images/
2023-11-02 07:53:58,496 [WARN] DbFile:35 - Overriding database path with different value: C:\Users\ASUS TUF\.stmcufinder\plugins\mcufinder/ => C:\Users\ASUS TUF\.stmcufinder\plugins\mcufinder
2023-11-02 07:53:58,496 [INFO] DbMcusAds:119 - Set database path to: C:\Users\ASUS TUF\.stmcufinder\plugins\mcufinder//mcu/
2023-11-02 07:53:58,496 [WARN] DbFile:35 - Overriding database path with different value: C:\Users\ASUS TUF\.stmcufinder\plugins\mcufinder/ => C:\Users\ASUS TUF\.stmcufinder\plugins\mcufinder
2023-11-02 07:53:58,496 [INFO] DbMcusDocs:110 - Set database path to: C:\Users\ASUS TUF\.stmcufinder\plugins\mcufinder//mcu/
2023-11-02 07:53:58,496 [WARN] DbFile:35 - Overriding database path with different value: C:\Users\ASUS TUF\.stmcufinder\plugins\mcufinder/ => C:\Users\ASUS TUF\.stmcufinder\plugins\mcufinder
2023-11-02 07:53:58,496 [INFO] DbMcusJson:64 - Set database path to: C:\Users\ASUS TUF\.stmcufinder\plugins\mcufinder//mcu/
2023-11-02 07:53:58,496 [WARN] DbFile:35 - Overriding database path with different value: C:\Users\ASUS TUF\.stmcufinder\plugins\mcufinder/ => C:\Users\ASUS TUF\.stmcufinder\plugins\mcufinder
2023-11-02 07:53:58,496 [INFO] DbBoardsDocs:110 - Set database path to: C:\Users\ASUS TUF\.stmcufinder\plugins\mcufinder//mcu/
2023-11-02 07:53:58,496 [WARN] DbFile:35 - Overriding database path with different value: C:\Users\ASUS TUF\.stmcufinder\plugins\mcufinder/ => C:\Users\ASUS TUF\.stmcufinder\plugins\mcufinder
2023-11-02 07:53:58,496 [INFO] DbBoardsJson:57 - Set database path to: C:\Users\ASUS TUF\.stmcufinder\plugins\mcufinder//mcu/
2023-11-02 07:53:58,496 [WARN] DbFile:35 - Overriding database path with different value: C:\Users\ASUS TUF\.stmcufinder\plugins\mcufinder/ => C:\Users\ASUS TUF\.stmcufinder\plugins\mcufinder
2023-11-02 07:53:58,496 [WARN] DbFile:35 - Overriding database path with different value: C:\Users\ASUS TUF\.stmcufinder\plugins\mcufinder/ => C:\Users\ASUS TUF\.stmcufinder\plugins\mcufinder
2023-11-02 07:53:58,496 [INFO] CrossReferenceDbSqlite:196 - Set database path to: C:\Users\ASUS TUF\.stmcufinder\plugins\mcufinder//mcu/cs/
2023-11-02 07:53:58,496 [WARN] DbFile:35 - Overriding database path with different value: C:\Users\ASUS TUF\.stmcufinder\plugins\mcufinder/ => C:\Users\ASUS TUF\.stmcufinder\plugins\mcufinder
2023-11-02 07:53:58,496 [INFO] DbExamplesSqlite:767 - Set database path to: C:\Users\ASUS TUF\.stmcufinder\plugins\mcufinder//mcu/
2023-11-02 07:53:58,559 [INFO] MainPanel:214 - HeapMemory: 268435456
2023-11-02 07:53:58,637 [INFO] DbMcusXml:74 - Set database path to: C:\ST\STM32CubeIDE_1.7.0\STM32CubeIDE\plugins\com.st.stm32cube.common.mx_6.3.0.202107141111\\db\/mcu/
2023-11-02 07:53:58,637 [INFO] DbBoardsPdsc:56 - Set plugin database path to: C:\ST\STM32CubeIDE_1.7.0\STM32CubeIDE\plugins\com.st.stm32cube.common.mx_6.3.0.202107141111\\db\/plugins/boardmanager/
2023-11-02 07:53:58,637 [INFO] DbMcus:258 - Set plugin images path to: C:\ST\STM32CubeIDE_1.7.0\STM32CubeIDE\plugins\com.st.stm32cube.common.mx_6.3.0.202107141111\\db\/plugins/mcufinder/images/
2023-11-02 07:53:58,637 [INFO] DbBoards:264 - Set plugin images path to: C:\ST\STM32CubeIDE_1.7.0\STM32CubeIDE\plugins\com.st.stm32cube.common.mx_6.3.0.202107141111\\db\/plugins/mcufinder/images/
2023-11-02 07:53:58,637 [INFO] DbExamples:333 - Set plugin images path to: C:\ST\STM32CubeIDE_1.7.0\STM32CubeIDE\plugins\com.st.stm32cube.common.mx_6.3.0.202107141111\\db\/plugins/mcufinder/images/
2023-11-02 07:53:58,637 [WARN] DbFile:35 - Overriding database path with different value: C:\Users\ASUS TUF\.stmcufinder\plugins\mcufinder/ => C:\Users\ASUS TUF\.stmcufinder\plugins\mcufinder
2023-11-02 07:53:58,637 [INFO] DbMcusAds:119 - Set database path to: C:\Users\ASUS TUF\.stmcufinder\plugins\mcufinder//mcu/
2023-11-02 07:53:58,637 [WARN] DbFile:35 - Overriding database path with different value: C:\Users\ASUS TUF\.stmcufinder\plugins\mcufinder/ => C:\Users\ASUS TUF\.stmcufinder\plugins\mcufinder
2023-11-02 07:53:58,637 [INFO] DbMcusDocs:110 - Set database path to: C:\Users\ASUS TUF\.stmcufinder\plugins\mcufinder//mcu/
2023-11-02 07:53:58,637 [WARN] DbFile:35 - Overriding database path with different value: C:\Users\ASUS TUF\.stmcufinder\plugins\mcufinder/ => C:\Users\ASUS TUF\.stmcufinder\plugins\mcufinder
2023-11-02 07:53:58,637 [INFO] DbMcusJson:64 - Set database path to: C:\Users\ASUS TUF\.stmcufinder\plugins\mcufinder//mcu/
2023-11-02 07:53:58,637 [WARN] DbFile:35 - Overriding database path with different value: C:\Users\ASUS TUF\.stmcufinder\plugins\mcufinder/ => C:\Users\ASUS TUF\.stmcufinder\plugins\mcufinder
2023-11-02 07:53:58,637 [INFO] DbBoardsDocs:110 - Set database path to: C:\Users\ASUS TUF\.stmcufinder\plugins\mcufinder//mcu/
2023-11-02 07:53:58,637 [WARN] DbFile:35 - Overriding database path with different value: C:\Users\ASUS TUF\.stmcufinder\plugins\mcufinder/ => C:\Users\ASUS TUF\.stmcufinder\plugins\mcufinder
2023-11-02 07:53:58,637 [INFO] DbBoardsJson:57 - Set database path to: C:\Users\ASUS TUF\.stmcufinder\plugins\mcufinder//mcu/
2023-11-02 07:53:58,637 [WARN] DbFile:35 - Overriding database path with different value: C:\Users\ASUS TUF\.stmcufinder\plugins\mcufinder/ => C:\Users\ASUS TUF\.stmcufinder\plugins\mcufinder
2023-11-02 07:53:58,637 [WARN] DbFile:35 - Overriding database path with different value: C:\Users\ASUS TUF\.stmcufinder\plugins\mcufinder/ => C:\Users\ASUS TUF\.stmcufinder\plugins\mcufinder
2023-11-02 07:53:58,637 [INFO] CrossReferenceDbSqlite:196 - Set database path to: C:\Users\ASUS TUF\.stmcufinder\plugins\mcufinder//mcu/cs/
2023-11-02 07:53:58,637 [WARN] DbFile:35 - Overriding database path with different value: C:\Users\ASUS TUF\.stmcufinder\plugins\mcufinder/ => C:\Users\ASUS TUF\.stmcufinder\plugins\mcufinder
2023-11-02 07:53:58,637 [INFO] DbExamplesSqlite:767 - Set database path to: C:\Users\ASUS TUF\.stmcufinder\plugins\mcufinder//mcu/
2023-11-02 07:53:58,653 [INFO] ApplicationProperties:181 - Using Application install path: C:\ST\STM32CubeIDE_1.7.0\STM32CubeIDE\plugins\com.st.stm32cube.common.mx_6.3.0.202107141111
2023-11-02 07:53:58,653 [INFO] PluginManage:188 - Search for loadable plugins [exclusion list=, ]
2023-11-02 07:53:58,653 [INFO] PluginManage:302 - Check plugin analytics
2023-11-02 07:53:58,778 [INFO] AnalyticsPlugin:257 - Accepted Software Licenses: 
2023-11-02 07:53:58,778 [INFO] AnalyticsPlugin:259 - Accepted CMSIS Pack Licenses: 
2023-11-02 07:53:58,778 [INFO] AnalyticsPlugin:261 - Accepted Firmware Licenses: 
2023-11-02 07:53:58,778 [INFO] PluginManage:352 - Loaded plugin analytics (category:tool,tabindex:-1)
2023-11-02 07:53:58,778 [INFO] PluginManage:302 - Check plugin clock
2023-11-02 07:53:58,793 [INFO] PluginManage:352 - Loaded plugin clock (category:base,tabindex:2)
2023-11-02 07:53:58,793 [INFO] PluginManage:302 - Check plugin ddr
2023-11-02 07:53:58,793 [INFO] PluginManage:352 - Loaded plugin ddr (category:tool,tabindex:6)
2023-11-02 07:53:58,793 [INFO] PluginManage:302 - Check plugin filemanager
2023-11-02 07:53:58,934 [INFO] PluginManage:352 - Loaded plugin filemanager (category:base,tabindex:10)
2023-11-02 07:53:58,934 [INFO] PluginManage:302 - Check plugin ipmanager
2023-11-02 07:53:58,949 [INFO] PluginManage:352 - Loaded plugin ipmanager (category:base,tabindex:5)
2023-11-02 07:53:58,949 [INFO] PluginManage:302 - Check plugin pinoutandconfiguration
2023-11-02 07:53:58,965 [INFO] PluginManage:352 - Loaded plugin pinoutandconfiguration (category:base,tabindex:1)
2023-11-02 07:53:58,965 [INFO] PluginManage:302 - Check plugin pinoutconfig
2023-11-02 07:53:58,996 [INFO] PluginManage:352 - Loaded plugin pinoutconfig (category:base,tabindex:0)
2023-11-02 07:53:58,996 [INFO] PluginManage:302 - Check plugin power
2023-11-02 07:53:59,012 [INFO] PluginManage:352 - Loaded plugin power (category:power,tabindex:4)
2023-11-02 07:53:59,012 [INFO] PluginManage:302 - Check plugin projectmanager
2023-11-02 07:53:59,028 [INFO] PluginManage:352 - Loaded plugin projectmanager (category:projectmanager,tabindex:3)
2023-11-02 07:53:59,028 [INFO] PluginManage:302 - Check plugin thirdparty
2023-11-02 07:53:59,215 [WARN] IntegrityCheckThread:78 - waiting for thirdparty lock release [integrity check]
2023-11-02 07:53:59,215 [INFO] PluginManage:352 - Loaded plugin thirdparty (category:base,tabindex:-1)
2023-11-02 07:53:59,215 [INFO] IntegrityCheckThread:80 - entering critical section [integrity check]
2023-11-02 07:53:59,215 [INFO] PluginManage:302 - Check plugin tools
2023-11-02 07:53:59,215 [INFO] ThirdPartyUpdaterWithRetryManager:66 - Updater plugin not ready yet. [1/15]
2023-11-02 07:53:59,262 [INFO] PluginManage:352 - Loaded plugin tools (category:base,tabindex:7)
2023-11-02 07:53:59,262 [INFO] PluginManage:302 - Check plugin tutovideos
2023-11-02 07:53:59,434 [INFO] PluginManage:352 - Loaded plugin tutovideos (category:base,tabindex:-1)
2023-11-02 07:53:59,434 [INFO] PluginManage:302 - Check plugin updater
2023-11-02 07:53:59,449 [INFO] PluginManage:352 - Loaded plugin updater (category:base,tabindex:12)
2023-11-02 07:53:59,449 [INFO] PluginManage:275 - PluginManage : Loaded plugins [13]
2023-11-02 07:53:59,606 [INFO] PinOutPanel:1463 - setPackage(No Configuration,No Configuration)
2023-11-02 07:53:59,684 [INFO] IPUIPlugin:74 - create IPUIPlugin
2023-11-02 07:53:59,684 [INFO] PluginManager:213 - loadIPPluginJar : add adc
2023-11-02 07:53:59,715 [INFO] IPUIPlugin:74 - create IPUIPlugin
2023-11-02 07:53:59,715 [INFO] PluginManager:213 - loadIPPluginJar : add aes
2023-11-02 07:53:59,762 [INFO] IPUIPlugin:74 - create IPUIPlugin
2023-11-02 07:53:59,762 [INFO] PluginManager:213 - loadIPPluginJar : add can
2023-11-02 07:53:59,793 [INFO] IPUIPlugin:74 - create IPUIPlugin
2023-11-02 07:53:59,793 [INFO] PluginManager:213 - loadIPPluginJar : add comp
2023-11-02 07:53:59,809 [INFO] IPUIPlugin:74 - create IPUIPlugin
2023-11-02 07:53:59,809 [INFO] PluginManager:213 - loadIPPluginJar : add cryp
2023-11-02 07:53:59,855 [INFO] IPUIPlugin:74 - create IPUIPlugin
2023-11-02 07:53:59,855 [INFO] PluginManager:213 - loadIPPluginJar : add dfsdm
2023-11-02 07:53:59,871 [INFO] IPUIPlugin:74 - create IPUIPlugin
2023-11-02 07:53:59,871 [INFO] PluginManager:213 - loadIPPluginJar : add dma
2023-11-02 07:53:59,918 [INFO] IPUIPlugin:74 - create IPUIPlugin
2023-11-02 07:53:59,918 [INFO] PluginManager:213 - loadIPPluginJar : add dma3
2023-11-02 07:53:59,934 [INFO] IPUIPlugin:74 - create IPUIPlugin
2023-11-02 07:53:59,934 [INFO] PluginManager:213 - loadIPPluginJar : add fatfs
2023-11-02 07:53:59,980 [INFO] IPUIPlugin:74 - create IPUIPlugin
2023-11-02 07:53:59,980 [INFO] PluginManager:213 - loadIPPluginJar : add fmc
2023-11-02 07:53:59,996 [INFO] IPUIPlugin:74 - create IPUIPlugin
2023-11-02 07:53:59,996 [INFO] PluginManager:213 - loadIPPluginJar : add freertos
2023-11-02 07:54:00,027 [INFO] IPUIPlugin:74 - create IPUIPlugin
2023-11-02 07:54:00,027 [INFO] PluginManager:213 - loadIPPluginJar : add genericplugin
2023-11-02 07:54:00,105 [INFO] IPUIPlugin:74 - create IPUIPlugin
2023-11-02 07:54:00,105 [INFO] PluginManager:213 - loadIPPluginJar : add gfxmmu
2023-11-02 07:54:00,215 [INFO] IPUIPlugin:74 - create IPUIPlugin
2023-11-02 07:54:00,215 [INFO] PluginManager:213 - loadIPPluginJar : add gic
2023-11-02 07:54:00,230 [INFO] IPUIPlugin:74 - create IPUIPlugin
2023-11-02 07:54:00,230 [INFO] PluginManager:213 - loadIPPluginJar : add gpio
2023-11-02 07:54:00,293 [INFO] IPUIPlugin:74 - create IPUIPlugin
2023-11-02 07:54:00,293 [INFO] PluginManager:213 - loadIPPluginJar : add gtzc
2023-11-02 07:54:00,324 [INFO] IPUIPlugin:74 - create IPUIPlugin
2023-11-02 07:54:00,324 [INFO] PluginManager:213 - loadIPPluginJar : add hash
2023-11-02 07:54:00,371 [INFO] IPUIPlugin:74 - create IPUIPlugin
2023-11-02 07:54:00,371 [INFO] PluginManager:213 - loadIPPluginJar : add i2c
2023-11-02 07:54:00,418 [INFO] IPUIPlugin:74 - create IPUIPlugin
2023-11-02 07:54:00,418 [INFO] PluginManager:213 - loadIPPluginJar : add i2s
2023-11-02 07:54:00,418 [INFO] IPUIPlugin:74 - create IPUIPlugin
2023-11-02 07:54:00,418 [INFO] PluginManager:213 - loadIPPluginJar : add ipddr
2023-11-02 07:54:00,496 [INFO] IPUIPlugin:74 - create IPUIPlugin
2023-11-02 07:54:00,496 [INFO] PluginManager:213 - loadIPPluginJar : add linkedlist
2023-11-02 07:54:00,527 [INFO] IPUIPlugin:74 - create IPUIPlugin
2023-11-02 07:54:00,527 [INFO] PluginManager:213 - loadIPPluginJar : add lorawan
2023-11-02 07:54:00,574 [INFO] IPUIPlugin:74 - create IPUIPlugin
2023-11-02 07:54:00,574 [INFO] PluginManager:213 - loadIPPluginJar : add ltdc
2023-11-02 07:54:00,574 [INFO] IPUIPlugin:74 - create IPUIPlugin
2023-11-02 07:54:00,574 [INFO] PluginManager:213 - loadIPPluginJar : add mdma
2023-11-02 07:54:00,590 [INFO] IPUIPlugin:74 - create IPUIPlugin
2023-11-02 07:54:00,590 [INFO] PluginManager:213 - loadIPPluginJar : add nvic
2023-11-02 07:54:00,637 [INFO] IPUIPlugin:74 - create IPUIPlugin
2023-11-02 07:54:00,637 [INFO] PluginManager:213 - loadIPPluginJar : add opamp
2023-11-02 07:54:00,683 [INFO] IPUIPlugin:74 - create IPUIPlugin
2023-11-02 07:54:00,683 [INFO] PluginManager:213 - loadIPPluginJar : add openamp
2023-11-02 07:54:00,715 [INFO] IPUIPlugin:74 - create IPUIPlugin
2023-11-02 07:54:00,715 [INFO] PluginManager:213 - loadIPPluginJar : add pdm2pcm
2023-11-02 07:54:00,730 [INFO] IPUIPlugin:74 - create IPUIPlugin
2023-11-02 07:54:00,730 [INFO] PluginManager:213 - loadIPPluginJar : add plateformsettings
2023-11-02 07:54:00,762 [INFO] IPUIPlugin:74 - create IPUIPlugin
2023-11-02 07:54:00,762 [INFO] PluginManager:213 - loadIPPluginJar : add quadspi
2023-11-02 07:54:00,808 [INFO] IPUIPlugin:74 - create IPUIPlugin
2023-11-02 07:54:00,808 [INFO] PluginManager:213 - loadIPPluginJar : add resmgrutility
2023-11-02 07:54:00,871 [INFO] IPUIPlugin:74 - create IPUIPlugin
2023-11-02 07:54:00,871 [INFO] PluginManager:213 - loadIPPluginJar : add sai
2023-11-02 07:54:00,918 [INFO] IPUIPlugin:74 - create IPUIPlugin
2023-11-02 07:54:00,918 [INFO] PluginManager:213 - loadIPPluginJar : add spi
2023-11-02 07:54:00,980 [INFO] IPUIPlugin:74 - create IPUIPlugin
2023-11-02 07:54:00,980 [INFO] PluginManager:213 - loadIPPluginJar : add stm32_wpan
2023-11-02 07:54:00,996 [INFO] IPUIPlugin:74 - create IPUIPlugin
2023-11-02 07:54:00,996 [INFO] PluginManager:213 - loadIPPluginJar : add tim
2023-11-02 07:54:01,043 [INFO] IPUIPlugin:74 - create IPUIPlugin
2023-11-02 07:54:01,043 [INFO] PluginManager:213 - loadIPPluginJar : add touchsensing
2023-11-02 07:54:01,074 [INFO] IPUIPlugin:74 - create IPUIPlugin
2023-11-02 07:54:01,074 [INFO] PluginManager:213 - loadIPPluginJar : add tracer_emb
2023-11-02 07:54:01,105 [INFO] IPUIPlugin:74 - create IPUIPlugin
2023-11-02 07:54:01,105 [INFO] PluginManager:213 - loadIPPluginJar : add ts
2023-11-02 07:54:01,121 [INFO] IPUIPlugin:74 - create IPUIPlugin
2023-11-02 07:54:01,121 [INFO] PluginManager:213 - loadIPPluginJar : add tsc
2023-11-02 07:54:01,152 [INFO] IPUIPlugin:74 - create IPUIPlugin
2023-11-02 07:54:01,152 [INFO] PluginManager:213 - loadIPPluginJar : add ucpd
2023-11-02 07:54:01,183 [INFO] IPUIPlugin:74 - create IPUIPlugin
2023-11-02 07:54:01,183 [INFO] PluginManager:213 - loadIPPluginJar : add usart
2023-11-02 07:54:01,215 [INFO] IPUIPlugin:74 - create IPUIPlugin
2023-11-02 07:54:01,230 [INFO] PluginManager:213 - loadIPPluginJar : add usbx
2023-11-02 07:54:01,559 [FATAL] Updater:294 - Updater called before beeing initialized
2023-11-02 07:54:01,669 [FATAL] Updater:294 - Updater called before beeing initialized
2023-11-02 07:54:01,669 [INFO] DbMcusAds:47 - JSON generation date=Tue Mar 07 15:50:55 ICT 2023 (1678179055335)
2023-11-02 07:54:01,669 [FATAL] Updater:294 - Updater called before beeing initialized
2023-11-02 07:54:01,715 [WARN] DetailPanel:314 - Failed to get advertising image, set to default
2023-11-02 07:54:01,778 [FATAL] Updater:294 - Updater called before beeing initialized
2023-11-02 07:54:01,778 [FATAL] Updater:294 - Updater called before beeing initialized
2023-11-02 07:54:01,778 [FATAL] Updater:294 - Updater called before beeing initialized
2023-11-02 07:54:01,778 [WARN] DetailPanel:314 - Failed to get advertising image, set to default
2023-11-02 07:54:01,794 [FATAL] Updater:294 - Updater called before beeing initialized
2023-11-02 07:54:01,840 [ERROR] Updater:1075 - MainUpdater not yet initialized. External WinMGr cannot be set.
2023-11-02 07:54:01,856 [INFO] Updater:1012 - Updater Version found : 6.3.0
2023-11-02 07:54:01,872 [INFO] ApplicationProperties:181 - Using Application install path: C:\ST\STM32CubeIDE_1.7.0\STM32CubeIDE\plugins\com.st.stm32cube.common.mx_6.3.0.202107141111
2023-11-02 07:54:02,216 [INFO] ThirdPartyUpdaterWithRetryManager:66 - Updater plugin not ready yet. [2/15]
2023-11-02 07:54:02,294 [INFO] MainUpdater:2671 - connection check result : 10
2023-11-02 07:54:02,309 [INFO] MainUpdater:265 - Updater Check For Update Now.
2023-11-02 07:54:02,309 [INFO] MicroXplorer:478 - Change Database Version : DB.6.0.30
2023-11-02 07:54:02,513 [INFO] CheckServerUpdateThread:112 - End of CheckServer Thread
2023-11-02 07:54:02,559 [INFO] MainUpdater:2671 - connection check result : 10
2023-11-02 07:54:02,606 [INFO] McuFinderGlobals:52 - Set McuFinderConnectedMode to true
2023-11-02 07:54:02,731 [INFO] ServerAccessManage:362 - Download File mcusAds.json._tmp_
2023-11-02 07:54:02,873 [INFO] LoadUrlFilesThread:145 - End of LoadUrlFiles Thread
2023-11-02 07:54:03,701 [INFO] ServerAccessManage:362 - Download File mcusDocs.json._tmp_
2023-11-02 07:54:04,593 [INFO] LoadUrlFilesThread:145 - End of LoadUrlFiles Thread
2023-11-02 07:54:04,796 [INFO] ServerAccessManage:362 - Download File mcusFeaturesAndDescription.json._tmp_
2023-11-02 07:54:05,218 [WARN] MainUpdater:1122 - Updater busy. Cannot search thirdparties
2023-11-02 07:54:05,218 [INFO] ThirdPartyUpdaterWithRetryManager:92 - Updater plugin is busy. [1/15]
2023-11-02 07:54:08,219 [WARN] MainUpdater:1122 - Updater busy. Cannot search thirdparties
2023-11-02 07:54:08,219 [INFO] ThirdPartyUpdaterWithRetryManager:92 - Updater plugin is busy. [2/15]
2023-11-02 07:54:11,221 [WARN] MainUpdater:1122 - Updater busy. Cannot search thirdparties
2023-11-02 07:54:11,221 [INFO] ThirdPartyUpdaterWithRetryManager:92 - Updater plugin is busy. [3/15]
2023-11-02 07:54:11,753 [INFO] LoadUrlFilesThread:145 - End of LoadUrlFiles Thread
2023-11-02 07:54:11,940 [INFO] ServerAccessManage:362 - Download File boardsDocs.json._tmp_
2023-11-02 07:54:12,097 [INFO] LoadUrlFilesThread:145 - End of LoadUrlFiles Thread
2023-11-02 07:54:12,284 [INFO] ServerAccessManage:362 - Download File boards.json._tmp_
2023-11-02 07:54:12,847 [INFO] LoadUrlFilesThread:145 - End of LoadUrlFiles Thread
2023-11-02 07:54:13,285 [INFO] ServerAccessManage:362 - Download File cube-finder-db.zip
2023-11-02 07:54:14,223 [WARN] MainUpdater:1122 - Updater busy. Cannot search thirdparties
2023-11-02 07:54:14,223 [INFO] ThirdPartyUpdaterWithRetryManager:92 - Updater plugin is busy. [4/15]
2023-11-02 07:54:17,226 [WARN] MainUpdater:1122 - Updater busy. Cannot search thirdparties
2023-11-02 07:54:17,226 [INFO] ThirdPartyUpdaterWithRetryManager:92 - Updater plugin is busy. [5/15]
2023-11-02 07:54:20,229 [WARN] MainUpdater:1122 - Updater busy. Cannot search thirdparties
2023-11-02 07:54:20,229 [INFO] ThirdPartyUpdaterWithRetryManager:92 - Updater plugin is busy. [6/15]
2023-11-02 07:54:23,232 [WARN] MainUpdater:1122 - Updater busy. Cannot search thirdparties
2023-11-02 07:54:23,247 [INFO] ThirdPartyUpdaterWithRetryManager:92 - Updater plugin is busy. [7/15]
2023-11-02 07:54:26,250 [WARN] MainUpdater:1122 - Updater busy. Cannot search thirdparties
2023-11-02 07:54:26,250 [INFO] ThirdPartyUpdaterWithRetryManager:92 - Updater plugin is busy. [8/15]
2023-11-02 07:54:29,251 [WARN] MainUpdater:1122 - Updater busy. Cannot search thirdparties
2023-11-02 07:54:29,251 [INFO] ThirdPartyUpdaterWithRetryManager:92 - Updater plugin is busy. [9/15]
2023-11-02 07:54:32,254 [WARN] MainUpdater:1122 - Updater busy. Cannot search thirdparties
2023-11-02 07:54:32,254 [INFO] ThirdPartyUpdaterWithRetryManager:92 - Updater plugin is busy. [10/15]
2023-11-02 07:54:35,255 [WARN] MainUpdater:1122 - Updater busy. Cannot search thirdparties
2023-11-02 07:54:35,261 [INFO] ThirdPartyUpdaterWithRetryManager:92 - Updater plugin is busy. [11/15]
2023-11-02 07:54:38,275 [WARN] MainUpdater:1122 - Updater busy. Cannot search thirdparties
2023-11-02 07:54:38,275 [INFO] ThirdPartyUpdaterWithRetryManager:92 - Updater plugin is busy. [12/15]
2023-11-02 07:54:39,355 [INFO] FileExtend:235 - Unzip File : cube-finder-db.zip
2023-11-02 07:54:39,355 [INFO] FileExtend:250 - Standard Zip Deflate
2023-11-02 07:54:40,215 [INFO] LoadUrlFilesThread:145 - End of LoadUrlFiles Thread
2023-11-02 07:54:41,277 [WARN] MainUpdater:1122 - Updater busy. Cannot search thirdparties
2023-11-02 07:54:41,277 [INFO] ThirdPartyUpdaterWithRetryManager:92 - Updater plugin is busy. [13/15]
2023-11-02 07:54:41,386 [INFO] ServerAccessManage:362 - Download File crdb.zip
2023-11-02 07:54:44,278 [WARN] MainUpdater:1122 - Updater busy. Cannot search thirdparties
2023-11-02 07:54:44,278 [INFO] ThirdPartyUpdaterWithRetryManager:92 - Updater plugin is busy. [14/15]
2023-11-02 07:54:47,281 [WARN] MainUpdater:1122 - Updater busy. Cannot search thirdparties
2023-11-02 07:54:47,281 [INFO] ThirdPartyUpdaterWithRetryManager:92 - Updater plugin is busy. [15/15]
2023-11-02 07:54:47,281 [ERROR] IntegrityCheckThread:124 - Cannot retrieve database content from updater: error -1
2023-11-02 07:54:47,281 [INFO] ThirdParty:915 - Integrity check success = false
2023-11-02 07:54:47,281 [INFO] IntegrityCheckThread:94 - exiting critical section [integrity check]
2023-11-02 07:54:47,281 [INFO] IntegrityCheckThread:97 - End integrity checks thread
2023-11-02 07:55:35,459 [INFO] FileExtend:235 - Unzip File : crdb.zip
2023-11-02 07:55:35,459 [INFO] FileExtend:250 - Standard Zip Deflate
2023-11-02 07:55:35,606 [INFO] LoadUrlFilesThread:145 - End of LoadUrlFiles Thread
2023-11-02 07:55:36,747 [INFO] ServerAccessManage:362 - Download File tutoVideoDB.zip
2023-11-02 07:55:38,139 [INFO] FileExtend:235 - Unzip File : tutoVideoDB.zip
2023-11-02 07:55:38,139 [INFO] FileExtend:250 - Standard Zip Deflate
2023-11-02 07:55:38,280 [INFO] LoadUrlFilesThread:145 - End of LoadUrlFiles Thread
2023-11-02 07:55:38,280 [INFO] DbMcusAds:47 - JSON generation date=Tue Mar 07 15:50:55 ICT 2023 (1678179055335)
2023-11-02 07:55:38,295 [INFO] DbMcusDocs:143 - JSON generation date=Tue Nov 16 23:17:54 ICT 2021 (1637079474)
2023-11-02 07:55:38,295 [INFO] DbMcusXml:100 - Load MCU database from C:\ST\STM32CubeIDE_1.7.0\STM32CubeIDE\plugins\com.st.stm32cube.common.mx_6.3.0.202107141111\\db\/mcu/families.xml
2023-11-02 07:55:39,265 [INFO] DbMcusJson:93 - JSON generation date=Tue Nov 16 23:17:54 ICT 2021 (1637079474)
2023-11-02 07:55:40,048 [INFO] DbMcus:175 - Found 1951 MCUs (1903 are supported by CubeMX, 1914 are visible in CubeMX)
2023-11-02 07:55:40,061 [INFO] ApiDb:251 - Load user favorites file C:\Users\ASUS TUF/.stm32cubeide/favorites.mcus.txt: 0 item(s)
2023-11-02 07:55:40,061 [INFO] ApiDb:255 - User favorites MCUs=[]
2023-11-02 07:55:40,061 [INFO] DbMcus:187 - Set 0 / 0 favorites MCUs
2023-11-02 07:55:40,532 [INFO] DbMcusDocs:79 - Found 682 MCUs documents
2023-11-02 07:55:40,545 [INFO] ApiDb:276 - Save user favorites file C:\Users\ASUS TUF/.stm32cubeide/favorites.mcus.txt: 0 item(s)
2023-11-02 07:55:40,545 [INFO] ApiDb:280 - User favorites MCUs=[]
2023-11-02 07:55:40,545 [INFO] DbMcusXml:100 - Load MCU database from C:\ST\STM32CubeIDE_1.7.0\STM32CubeIDE\plugins\com.st.stm32cube.common.mx_6.3.0.202107141111\\db\/mcu/families.xml
2023-11-02 07:55:41,346 [INFO] DbMcusJson:93 - JSON generation date=Tue Nov 16 23:17:54 ICT 2021 (1637079474)
2023-11-02 07:55:42,178 [INFO] DbMcus:175 - Found 1951 MCUs (1903 are supported by CubeMX, 1914 are visible in CubeMX)
2023-11-02 07:55:42,178 [INFO] ApiDb:251 - Load user favorites file C:\Users\ASUS TUF/.stm32cubeide/favorites.mcus.txt: 0 item(s)
2023-11-02 07:55:42,178 [INFO] ApiDb:255 - User favorites MCUs=[]
2023-11-02 07:55:42,178 [INFO] DbMcus:187 - Set 0 / 0 favorites MCUs
2023-11-02 07:55:42,193 [INFO] DbBoardsDocs:143 - JSON generation date=Tue Nov 16 23:17:54 ICT 2021 (1637079474)
2023-11-02 07:55:42,334 [INFO] DbBoardsPdsc:90 - Found 25 items
2023-11-02 07:55:42,365 [INFO] DbBoardsPdsc:90 - Found 9 items
2023-11-02 07:55:42,396 [INFO] DbBoardsPdsc:90 - Found 33 items
2023-11-02 07:55:42,412 [INFO] DbBoardsPdsc:90 - Found 1 items
2023-11-02 07:55:42,459 [INFO] DbBoardsPdsc:90 - Found 48 items
2023-11-02 07:55:42,521 [INFO] DbBoardsPdsc:90 - Found 43 items
2023-11-02 07:55:42,584 [INFO] DbBoardsPdsc:90 - Found 2 items
2023-11-02 07:55:42,615 [INFO] DbBoardsPdsc:90 - Found 5 items
2023-11-02 07:55:42,646 [WARN] DbBoardsPdsc:254 - Board STM32H7B3I-DK: unknown feature type=Audio, name=, username=Audio stereo codec with Headphone Amp (CS42L51-CNZ), n=1
2023-11-02 07:55:42,646 [WARN] DbBoardsPdsc:254 - Board STM32H735G-DK: unknown feature type=Audio, name=, username=Audio stereo codec with Headphone Amp (WM8994ECS/R), n=1
2023-11-02 07:55:42,646 [WARN] DbBoardsPdsc:254 - Board STM32H7B3I-EVAL: unknown feature type=Audio, name=, username=Multi-Channel Audio Codec (CS42L51-CNZ), n=1
2023-11-02 07:55:42,646 [WARN] DbBoardsPdsc:254 - Board STM32H7B3I-EVAL: unknown feature type=Meter, name=, username=Power-metering and Temperature-monitoring with sigma-delta modulators, n=1
2023-11-02 07:55:42,646 [WARN] DbBoardsPdsc:254 - Board STM32H7B3I-EVAL: unknown feature type=Motor, name=, username=Motor Control, n=1
2023-11-02 07:55:42,646 [WARN] DbBoardsPdsc:254 - Board STM32U575I-EV: unknown feature type=joystick, name=, username=4-direction joystick with selection button, n=1
2023-11-02 07:55:42,678 [INFO] DbBoardsJson:86 - JSON generation date=Tue Nov 16 23:17:54 ICT 2021 (1637079474)
2023-11-02 07:55:42,693 [INFO] DbBoards:117 - Found 167 boards (163 are supported by CubeMX)
2023-11-02 07:55:42,693 [INFO] DbBoardsDocs:143 - JSON generation date=Tue Nov 16 23:17:54 ICT 2021 (1637079474)
2023-11-02 07:55:42,709 [INFO] DbBoardsDocs:79 - Found 209 boards documents
2023-11-02 07:55:42,709 [WARN] DbBoards:127 - board B-L475E-IOT01A2 has no document id list !
2023-11-02 07:55:42,709 [WARN] DbBoards:127 - board NUCLEO-H743ZI has no document id list !
2023-11-02 07:55:42,709 [WARN] DbBoards:127 - board NUCLEO-WL55JC2 has no document id list !
2023-11-02 07:55:42,709 [WARN] DbBoards:127 - board P-NUCLEO-WB55-Nucleo has no document id list !
2023-11-02 07:55:42,709 [WARN] DbBoards:127 - board P-NUCLEO-WB55-USBDongle has no document id list !
2023-11-02 07:55:42,709 [WARN] DbBoards:127 - board STEVAL-BFA001V1B has no document id list !
2023-11-02 07:55:42,709 [WARN] DbBoards:127 - board STEVAL-BFA001V2B has no document id list !
2023-11-02 07:55:42,709 [WARN] DbBoards:127 - board STEVAL-IDP005V1 has no document id list !
2023-11-02 07:55:42,709 [WARN] DbBoards:127 - board STEVAL-IDP005V2 has no document id list !
2023-11-02 07:55:42,709 [WARN] DbBoards:127 - board STEVAL-MKSBOX1V1 has no document id list !
2023-11-02 07:55:42,709 [WARN] DbBoards:127 - board STEVAL-STWINKT1 has no document id list !
2023-11-02 07:55:42,709 [WARN] DbBoards:127 - board STEVAL-STWINKT1B has no document id list !
2023-11-02 07:55:42,709 [WARN] DbBoards:127 - board STM32439I-EVAL2 has no document id list !
2023-11-02 07:55:42,709 [WARN] DbBoards:127 - board STM32F401C-DISCO has no document id list !
2023-11-02 07:55:42,709 [WARN] DbBoards:127 - board STM32F769I-DISC1 has no document id list !
2023-11-02 07:55:42,709 [WARN] DbBoards:127 - board STM32G474E-EVAL1 has no document id list !
2023-11-02 07:55:42,709 [WARN] DbBoards:127 - board STM32H743I-EVAL2 has no document id list !
2023-11-02 07:55:42,709 [WARN] DbBoards:127 - board STM32H747I-DISC1 has no document id list !
2023-11-02 07:55:42,709 [WARN] DbBoards:127 - board STM32H753I-EVAL2 has no document id list !
2023-11-02 07:55:42,709 [WARN] DbBoards:127 - board STM32L-DISCOVERY has no document id list !
2023-11-02 07:55:43,459 [ERROR] DbBoards:189 - Image file not found for board B-U585I-IOT02A: C:\ST\STM32CubeIDE_1.7.0\STM32CubeIDE\plugins\com.st.stm32cube.common.mx_6.3.0.202107141111\\db\/plugins/mcufinder/images/boards/B-U585I-IOT02A_small.jpg
2023-11-02 07:55:43,880 [ERROR] DbBoards:189 - Image file not found for board NUCLEO-F413ZH: C:\ST\STM32CubeIDE_1.7.0\STM32CubeIDE\plugins\com.st.stm32cube.common.mx_6.3.0.202107141111\\db\/plugins/mcufinder/images/boards/nucleo-f413zh_small.jpg
2023-11-02 07:55:44,084 [ERROR] DbBoards:189 - Image file not found for board NUCLEO-L552ZE-Q: C:\ST\STM32CubeIDE_1.7.0\STM32CubeIDE\plugins\com.st.stm32cube.common.mx_6.3.0.202107141111\\db\/plugins/mcufinder/images/boards/nucleo_l552ze_q_small.jpg
2023-11-02 07:55:44,084 [ERROR] DbBoards:189 - Image file not found for board NUCLEO-U575ZI-Q: C:\ST\STM32CubeIDE_1.7.0\STM32CubeIDE\plugins\com.st.stm32cube.common.mx_6.3.0.202107141111\\db\/plugins/mcufinder/images/boards/nucleo-u575zi-q_small.jpg
2023-11-02 07:55:44,084 [ERROR] DbBoards:189 - Image file not found for board NUCLEO-WB15CC: C:\ST\STM32CubeIDE_1.7.0\STM32CubeIDE\plugins\com.st.stm32cube.common.mx_6.3.0.202107141111\\db\/plugins/mcufinder/images/boards/nucleo-wb15cc_small.jpg
2023-11-02 07:55:44,084 [ERROR] DbBoards:189 - Image file not found for board NUCLEO-WB55RG: C:\ST\STM32CubeIDE_1.7.0\STM32CubeIDE\plugins\com.st.stm32cube.common.mx_6.3.0.202107141111\\db\/plugins/mcufinder/images/boards/nucleo-wb55rg_small.jpg
2023-11-02 07:55:45,600 [INFO] ApiDb:251 - Load user favorites file C:\Users\ASUS TUF/.stm32cubeide/favorites.boards.txt: 0 item(s)
2023-11-02 07:55:45,600 [INFO] ApiDb:255 - User favorites Boards=[]
2023-11-02 07:55:45,600 [INFO] DbBoards:206 - Set 0 / 0 favorites Boards
2023-11-02 07:55:45,600 [INFO] DbBoardsDocs:79 - Found 418 boards documents
2023-11-02 07:55:45,600 [INFO] ApiDb:276 - Save user favorites file C:\Users\ASUS TUF/.stm32cubeide/favorites.boards.txt: 0 item(s)
2023-11-02 07:55:45,600 [INFO] ApiDb:280 - User favorites Boards=[]
2023-11-02 07:55:45,615 [INFO] DbBoardsPdsc:90 - Found 25 items
2023-11-02 07:55:45,615 [INFO] DbBoardsPdsc:90 - Found 9 items
2023-11-02 07:55:45,615 [INFO] DbBoardsPdsc:90 - Found 33 items
2023-11-02 07:55:45,615 [INFO] DbBoardsPdsc:90 - Found 1 items
2023-11-02 07:55:45,615 [INFO] DbBoardsPdsc:90 - Found 48 items
2023-11-02 07:55:45,631 [INFO] DbBoardsPdsc:90 - Found 43 items
2023-11-02 07:55:45,631 [INFO] DbBoardsPdsc:90 - Found 2 items
2023-11-02 07:55:45,631 [INFO] DbBoardsPdsc:90 - Found 5 items
2023-11-02 07:55:45,631 [WARN] DbBoardsPdsc:254 - Board STM32H7B3I-DK: unknown feature type=Audio, name=, username=Audio stereo codec with Headphone Amp (CS42L51-CNZ), n=1
2023-11-02 07:55:45,631 [WARN] DbBoardsPdsc:254 - Board STM32H735G-DK: unknown feature type=Audio, name=, username=Audio stereo codec with Headphone Amp (WM8994ECS/R), n=1
2023-11-02 07:55:45,631 [WARN] DbBoardsPdsc:254 - Board STM32H7B3I-EVAL: unknown feature type=Audio, name=, username=Multi-Channel Audio Codec (CS42L51-CNZ), n=1
2023-11-02 07:55:45,631 [WARN] DbBoardsPdsc:254 - Board STM32H7B3I-EVAL: unknown feature type=Meter, name=, username=Power-metering and Temperature-monitoring with sigma-delta modulators, n=1
2023-11-02 07:55:45,631 [WARN] DbBoardsPdsc:254 - Board STM32H7B3I-EVAL: unknown feature type=Motor, name=, username=Motor Control, n=1
2023-11-02 07:55:45,631 [WARN] DbBoardsPdsc:254 - Board STM32U575I-EV: unknown feature type=joystick, name=, username=4-direction joystick with selection button, n=1
2023-11-02 07:55:45,646 [INFO] DbBoardsJson:86 - JSON generation date=Tue Nov 16 23:17:54 ICT 2021 (1637079474)
2023-11-02 07:55:45,662 [INFO] DbBoards:117 - Found 167 boards (163 are supported by CubeMX)
2023-11-02 07:55:45,662 [WARN] DbBoards:127 - board B-L475E-IOT01A2 has no document id list !
2023-11-02 07:55:45,662 [WARN] DbBoards:127 - board NUCLEO-H743ZI has no document id list !
2023-11-02 07:55:45,662 [WARN] DbBoards:127 - board NUCLEO-WL55JC2 has no document id list !
2023-11-02 07:55:45,662 [WARN] DbBoards:127 - board P-NUCLEO-WB55-Nucleo has no document id list !
2023-11-02 07:55:45,662 [WARN] DbBoards:127 - board P-NUCLEO-WB55-USBDongle has no document id list !
2023-11-02 07:55:45,662 [WARN] DbBoards:127 - board STEVAL-BFA001V1B has no document id list !
2023-11-02 07:55:45,662 [WARN] DbBoards:127 - board STEVAL-BFA001V2B has no document id list !
2023-11-02 07:55:45,662 [WARN] DbBoards:127 - board STEVAL-IDP005V1 has no document id list !
2023-11-02 07:55:45,662 [WARN] DbBoards:127 - board STEVAL-IDP005V2 has no document id list !
2023-11-02 07:55:45,662 [WARN] DbBoards:127 - board STEVAL-MKSBOX1V1 has no document id list !
2023-11-02 07:55:45,662 [WARN] DbBoards:127 - board STEVAL-STWINKT1 has no document id list !
2023-11-02 07:55:45,662 [WARN] DbBoards:127 - board STEVAL-STWINKT1B has no document id list !
2023-11-02 07:55:45,662 [WARN] DbBoards:127 - board STM32439I-EVAL2 has no document id list !
2023-11-02 07:55:45,662 [WARN] DbBoards:127 - board STM32F401C-DISCO has no document id list !
2023-11-02 07:55:45,662 [WARN] DbBoards:127 - board STM32F769I-DISC1 has no document id list !
2023-11-02 07:55:45,662 [WARN] DbBoards:127 - board STM32G474E-EVAL1 has no document id list !
2023-11-02 07:55:45,662 [WARN] DbBoards:127 - board STM32H743I-EVAL2 has no document id list !
2023-11-02 07:55:45,662 [WARN] DbBoards:127 - board STM32H747I-DISC1 has no document id list !
2023-11-02 07:55:45,662 [WARN] DbBoards:127 - board STM32H753I-EVAL2 has no document id list !
2023-11-02 07:55:45,662 [WARN] DbBoards:127 - board STM32L-DISCOVERY has no document id list !
2023-11-02 07:55:45,740 [INFO] MainUpdater:2671 - connection check result : 10
2023-11-02 07:55:45,746 [ERROR] DbBoards:189 - Image file not found for board B-U585I-IOT02A: C:\ST\STM32CubeIDE_1.7.0\STM32CubeIDE\plugins\com.st.stm32cube.common.mx_6.3.0.202107141111\\db\/plugins/mcufinder/images/boards/B-U585I-IOT02A_small.jpg
2023-11-02 07:55:45,835 [ERROR] DbBoards:189 - Image file not found for board NUCLEO-F413ZH: C:\ST\STM32CubeIDE_1.7.0\STM32CubeIDE\plugins\com.st.stm32cube.common.mx_6.3.0.202107141111\\db\/plugins/mcufinder/images/boards/nucleo-f413zh_small.jpg
2023-11-02 07:55:46,038 [ERROR] DbBoards:189 - Image file not found for board NUCLEO-L552ZE-Q: C:\ST\STM32CubeIDE_1.7.0\STM32CubeIDE\plugins\com.st.stm32cube.common.mx_6.3.0.202107141111\\db\/plugins/mcufinder/images/boards/nucleo_l552ze_q_small.jpg
2023-11-02 07:55:46,038 [ERROR] DbBoards:189 - Image file not found for board NUCLEO-U575ZI-Q: C:\ST\STM32CubeIDE_1.7.0\STM32CubeIDE\plugins\com.st.stm32cube.common.mx_6.3.0.202107141111\\db\/plugins/mcufinder/images/boards/nucleo-u575zi-q_small.jpg
2023-11-02 07:55:46,038 [ERROR] DbBoards:189 - Image file not found for board NUCLEO-WB15CC: C:\ST\STM32CubeIDE_1.7.0\STM32CubeIDE\plugins\com.st.stm32cube.common.mx_6.3.0.202107141111\\db\/plugins/mcufinder/images/boards/nucleo-wb15cc_small.jpg
2023-11-02 07:55:46,038 [ERROR] DbBoards:189 - Image file not found for board NUCLEO-WB55RG: C:\ST\STM32CubeIDE_1.7.0\STM32CubeIDE\plugins\com.st.stm32cube.common.mx_6.3.0.202107141111\\db\/plugins/mcufinder/images/boards/nucleo-wb55rg_small.jpg
2023-11-02 07:55:46,883 [INFO] ApiDb:251 - Load user favorites file C:\Users\ASUS TUF/.stm32cubeide/favorites.boards.txt: 0 item(s)
2023-11-02 07:55:46,883 [INFO] ApiDb:255 - User favorites Boards=[]
2023-11-02 07:55:46,883 [INFO] DbBoards:206 - Set 0 / 0 favorites Boards
2023-11-02 07:55:46,899 [INFO] LoadUrlFilesThread:172 - End of LoadServerUrlFiles without Thread
2023-11-02 07:55:46,899 [INFO] TargetSelectorAdapter:224 - Refresh data is successful
2023-11-02 07:55:47,399 [INFO] ApiDb:479 - Connected to CubeFinder SQLite database (C:\Users\ASUS TUF\.stmcufinder\plugins\mcufinder\mcu\cube-finder-db.db)
2023-11-02 07:55:48,197 [ERROR] DbExamplesSqlite:446 - Missing JSON key: board_cpn
2023-11-02 07:55:48,197 [ERROR] DbExamplesSqlite:446 - Missing JSON key: board_cpn
2023-11-02 07:55:48,197 [ERROR] DbExamplesSqlite:446 - Missing JSON key: board_cpn
2023-11-02 07:55:48,197 [ERROR] DbExamplesSqlite:446 - Missing JSON key: board_cpn
2023-11-02 07:55:48,213 [INFO] DbExamplesSqlite:411 - Ignored 27 examples not supported by CubeIDE
2023-11-02 07:55:48,213 [INFO] DbExamplesSqlite:412 - Found 7221 examples active
2023-11-02 07:55:48,213 [INFO] DbExamplesSqlite:413 - Found 777 examples obsolete
2023-11-02 07:55:48,213 [INFO] DbExamplesSqlite:414 - Found 0 examples under development
2023-11-02 07:55:48,213 [INFO] DbExamplesSqlite:415 - Found 74 examples not building
2023-11-02 07:55:48,244 [INFO] DbExamplesSqlite:108 - CubeFinder database Data Model version=2.1
2023-11-02 07:55:48,244 [INFO] DbExamplesSqlite:109 - CubeFinder database Configuration version=3.0.37
2023-11-02 07:55:48,244 [INFO] DbExamplesSqlite:110 - CubeFinder database generation date=2023-10-13 (1697197505)
2023-11-02 07:55:48,244 [INFO] DbExamplesSqlite:111 - CubeFinder database FW Pack versions=[FP-ATR-ASTRA1_V2.0.0, FP-SNS-FLIGHT1_V5.0.1, FP-SNS-FLIGHT1_V5.0.2, FP-SNS-MOTENV1_V4.3.1, FP-SNS-MOTENV1_V4.3.2, FP-SNS-SMARTAG2_V1.2.0, I-CUBE-ITTIADB_V8.6.3-1, STM32Cube_FW_C0_V1.1.0, STM32Cube_FW_F4_V1.27.1, STM32Cube_FW_F7_V1.17.0, STM32Cube_FW_G0_V1.6.1, STM32Cube_FW_G4_V1.5.1, STM32Cube_FW_H5_V0.5.1, STM32Cube_FW_H5_V1.1.1, STM32Cube_FW_H7_V1.11.0, STM32Cube_FW_L0_V1.12.2, STM32Cube_FW_L5_V1.5.0, STM32Cube_FW_U5_V1.3.0, STM32Cube_FW_U5_V1.3.0RC4, STM32Cube_FW_WBA_V1.0.0RC1, STM32Cube_FW_WBA_V1.1.0RC1, STM32Cube_FW_WBA_V1.1.1, STM32Cube_FW_WB_V1.15.0RC1, STM32Cube_FW_WB_V1.16.0, STM32Cube_FW_WB_V1.16.0RC2, STM32Cube_FW_WB_V1.17.3, STM32Cube_FW_WL_V1.3.0, X-CUBE-ALGOBUILD_V1.3.0, X-CUBE-ALS_V1.0.1, X-CUBE-AZRTOS-F4_V1.1.0, X-CUBE-AZRTOS-F7_V1.1.0, X-CUBE-AZRTOS-G0_V1.1.0, X-CUBE-AZRTOS-G4_V2.0.0, X-CUBE-AZRTOS-H7_V3.1.0, X-CUBE-AZRTOS-L4_V1.0.0, X-CUBE-AZRTOS-L4_V2.0.0, X-CUBE-AZRTOS-L5_V1.1.0, X-CUBE-AZRTOS-WB_V2.0.0, X-CUBE-AZRTOS-WL_V2.0.0, X-CUBE-BLE1_V7.0.0, X-CUBE-BLE2_V3.3.0, X-CUBE-BLEMGR_V2.0.0, X-CUBE-EEPRMA1_V4.1.0, X-CUBE-FREERTOS_V1.1.0, X-CUBE-GNSS1_V6.0.0, X-CUBE-MEMS1_V10.0.0, X-CUBE-MEMS1_V9.1.0, X-CUBE-MEMS1_V9.4.0, X-CUBE-MEMS1_V9.6.0, X-CUBE-NFC4_V3.0.0, X-CUBE-NFC7_V1.0.1, X-CUBE-SFXS2LP1_V4.0.0, X-CUBE-SUBG2_V5.0.0, X-CUBE-TOF1_V3.3.1]
2023-11-02 07:55:48,244 [INFO] DbExamples:130 - Found 7268 examples
2023-11-02 07:55:48,839 [ERROR] DbExamples:206 - Found 7268 examples with invalid data (board or MCU)
2023-11-02 07:55:48,839 [INFO] DbExamples:222 - Found 79 boards with related examples
2023-11-02 07:55:48,839 [INFO] DbExamples:235 - Found 0 MCUs with related examples
2023-11-02 07:55:48,863 [INFO] ApiDb:251 - Load user favorites file C:\Users\ASUS TUF/.stm32cubeide/favorites.examples.txt: 0 item(s)
2023-11-02 07:55:48,863 [INFO] ApiDb:255 - User favorites Examples=[]
2023-11-02 07:55:48,863 [INFO] DbExamples:256 - Set 0 / 0 favorites Examples
2023-11-02 07:55:48,980 [INFO] McuFinderGlobals:52 - Set McuFinderConnectedMode to false
2023-11-02 07:55:49,089 [INFO] CrossSelectorPresenter:1330 - Cross Selector saved comparison directory: C:\Users\ASUS TUF\.stmcufinder\plugins\mcufinder\mcu\cs_comparisons_mx
2023-11-02 07:55:49,089 [INFO] MultiScanPanel:197 - Auto-refresh data requested => check proxy status ongoing
2023-11-02 07:55:49,089 [INFO] MultiScanPanel:201 - Proxy status is invalid
2023-11-02 07:55:49,089 [INFO] FinderPluginLoader:87 - Searching for filters in installed packs
2023-11-02 07:55:49,667 [INFO] DetailPanel:309 - Set advertising image to C:/Users/ASUS TUF/STM32Cube/Repository/\en.prom-stm32h5-mcu-finder.jpg
2023-11-02 07:55:50,544 [INFO] McuFinderGlobals:52 - Set McuFinderConnectedMode to false
2023-11-02 07:55:50,560 [INFO] CrossSelectorPresenter:1330 - Cross Selector saved comparison directory: C:\Users\ASUS TUF\.stmcufinder\plugins\mcufinder\mcu\cs_comparisons_mx
2023-11-02 07:55:50,560 [INFO] MultiScanPanel:197 - Auto-refresh data requested => check proxy status ongoing
2023-11-02 07:55:50,560 [INFO] MultiScanPanel:201 - Proxy status is invalid
2023-11-02 07:55:50,560 [INFO] FinderPluginLoader:87 - Searching for filters in installed packs
2023-11-02 07:55:50,873 [INFO] DetailPanel:309 - Set advertising image to C:/Users/ASUS TUF/STM32Cube/Repository/\en.prom-stm32h5-mcu-finder.jpg
2023-11-02 07:56:56,756 [INFO] MainUpdater:2671 - connection check result : 10
2023-11-02 07:56:56,756 [INFO] MainUpdater:2671 - connection check result : 10
2023-11-02 07:56:56,815 [INFO] MicroXplorer:448 - Change Database Path : 
2023-11-02 07:56:56,815 [INFO] MicroXplorer:478 - Change Database Version : DB.6.0.30
2023-11-02 07:56:56,815 [WARN] ThirdParty:813 - waiting for thirdparty lock release [close project]
2023-11-02 07:56:56,815 [INFO] ThirdParty:815 - entering critical section [close project]
2023-11-02 07:56:56,815 [INFO] ThirdParty:825 - exiting critical section [close project]
2023-11-02 07:56:56,815 [INFO] PinOutPanel:1463 - setPackage(No Configuration,No Configuration)
2023-11-02 07:56:56,815 [INFO] UtilMem:74 - Begin LoadConfig() Used Memory: 686377536 Bytes (858783744)
2023-11-02 07:56:56,815 [INFO] MicroXplorer:448 - Change Database Path : 
2023-11-02 07:56:56,815 [INFO] MicroXplorer:478 - Change Database Version : DB.6.0.30
2023-11-02 07:56:56,815 [INFO] OpenFileManager:313 - Change cursor
2023-11-02 07:56:56,830 [WARN] IntegrityCheckThread:78 - waiting for thirdparty lock release [integrity check]
2023-11-02 07:56:56,830 [INFO] IntegrityCheckThread:80 - entering critical section [integrity check]
2023-11-02 07:56:57,018 [ERROR] Engine:463 - C:\Users\ASUS TUF\.stm32cubemx\thirdparties\pdsc\STMicroelectronics.X-CUBE-SMBUS.2.1.0.pdsc: PDSC version is not supported
2023-11-02 07:56:57,096 [WARN] PackLoader:238 - Cannot read IP mode file for STMicroelectronics.X-CUBE-AZRTOS-F7.1.1.0
2023-11-02 07:56:57,127 [ERROR] Engine:463 - C:\Users\ASUS TUF\.stm32cubemx\thirdparties\pdsc\STMicroelectronics.FP-SNS-MOTENV1.4.3.2.pdsc: PDSC version is not supported
2023-11-02 07:56:57,127 [ERROR] Engine:463 - C:\Users\ASUS TUF\.stm32cubemx\thirdparties\pdsc\STMicroelectronics.FP-SNS-FLIGHT1.5.0.2.pdsc: PDSC version is not supported
2023-11-02 07:56:57,143 [ERROR] Engine:463 - C:\Users\ASUS TUF\.stm32cubemx\thirdparties\pdsc\STMicroelectronics.X-CUBE-DISPLAY.3.0.0.pdsc: PDSC version is not supported
2023-11-02 07:56:57,158 [WARN] PackLoader:238 - Cannot read IP mode file for STMicroelectronics.X-CUBE-BLE1.7.0.0
2023-11-02 07:56:57,174 [ERROR] Engine:463 - C:\Users\ASUS TUF\.stm32cubemx\thirdparties\pdsc\emotas.I-CUBE-CANOPEN.1.3.0.pdsc: PDSC version is not supported
2023-11-02 07:56:57,174 [WARN] PackLoader:238 - Cannot read IP mode file for STMicroelectronics.X-CUBE-TOUCHGFX.4.22.0
2023-11-02 07:56:57,189 [WARN] PackLoader:238 - Cannot read IP mode file for STMicroelectronics.X-CUBE-TOUCHGFX.4.22.1
2023-11-02 07:56:57,205 [ERROR] Engine:463 - C:\Users\ASUS TUF\.stm32cubemx\thirdparties\pdsc\STMicroelectronics.FP-SNS-SMARTAG2.1.2.0.pdsc: PDSC version is not supported
2023-11-02 07:56:57,221 [INFO] LogOutputStream:76 - [STDOUT_REDIRECT] 1 : Invalid condition id : UX_CORESTACK_Condition cause : null
2023-11-02 07:56:57,221 [INFO] LogOutputStream:76 - [STDOUT_REDIRECT] 1 : Invalid condition id : UX_CORESTACK_Condition cause : null
2023-11-02 07:56:57,221 [INFO] LogOutputStream:76 - [STDOUT_REDIRECT] 1 : Invalid condition id : UX_CORESTACK_Condition cause : null
2023-11-02 07:56:57,221 [INFO] LogOutputStream:76 - [STDOUT_REDIRECT] 1 : Invalid condition id : UX_CORESTACK_Condition cause : null
2023-11-02 07:56:57,221 [INFO] LogOutputStream:76 - [STDOUT_REDIRECT] 1 : Invalid condition id : UX_CORESTACK_Condition cause : null
2023-11-02 07:56:57,221 [WARN] PackLoader:238 - Cannot read IP mode file for STMicroelectronics.X-CUBE-AZRTOS-WL.2.0.0
2023-11-02 07:56:57,236 [WARN] PackLoader:238 - Cannot read IP mode file for WES.I-CUBE-Cesium.1.3.0
2023-11-02 07:56:57,252 [WARN] PackLoader:238 - Cannot read IP mode file for STMicroelectronics.X-CUBE-BLE2.3.3.0
2023-11-02 07:56:57,268 [WARN] PackLoader:238 - Cannot read IP mode file for STMicroelectronics.X-CUBE-ALGOBUILD.1.3.0
2023-11-02 07:56:57,314 [WARN] PackLoader:238 - Cannot read IP mode file for STMicroelectronics.X-CUBE-AZRTOS-G0.1.1.0
2023-11-02 07:56:57,330 [WARN] PackLoader:238 - Cannot read IP mode file for STMicroelectronics.X-CUBE-NFC4.3.0.0
2023-11-02 07:56:57,346 [ERROR] Engine:463 - C:\Users\ASUS TUF\.stm32cubemx\thirdparties\pdsc\STMicroelectronics.X-CUBE-BLEMGR.3.0.0.pdsc: PDSC version is not supported
2023-11-02 07:56:57,346 [WARN] PackLoader:238 - Cannot read IP mode file for STMicroelectronics.FP-ATR-SIGFOX1.3.2.0
2023-11-02 07:56:57,392 [WARN] PackLoader:238 - Cannot read IP mode file for SEGGER.I-CUBE-embOS.1.3.1
2023-11-02 07:56:57,439 [WARN] PackLoader:238 - Cannot read IP mode file for STMicroelectronics.X-CUBE-GNSS1.6.0.0
2023-11-02 07:56:57,471 [WARN] PackLoader:238 - Cannot read IP mode file for STMicroelectronics.X-CUBE-AZRTOS-F4.1.1.0
2023-11-02 07:56:57,471 [WARN] PackLoader:238 - Cannot read IP mode file for wolfSSL.I-CUBE-wolfSSL.5.6.3
2023-11-02 07:56:57,517 [WARN] PackLoader:238 - Cannot read IP mode file for STMicroelectronics.X-CUBE-AZRTOS-L5.2.0.0
2023-11-02 07:56:57,580 [WARN] PackLoader:238 - Cannot read IP mode file for STMicroelectronics.X-CUBE-MEMS1.9.6.0
2023-11-02 07:56:57,861 [WARN] PackLoader:238 - Cannot read IP mode file for STMicroelectronics.X-CUBE-EEPRMA1.4.2.0
2023-11-02 07:56:57,877 [ERROR] Engine:463 - C:\Users\ASUS TUF\.stm32cubemx\thirdparties\pdsc\ITTIA_DB.I-CUBE-ITTIADB.8.8.0.pdsc: PDSC version is not supported
2023-11-02 07:56:57,877 [WARN] PackLoader:238 - Cannot read IP mode file for STMicroelectronics.X-CUBE-BLEMGR.2.0.0
2023-11-02 07:56:57,908 [WARN] ConditionMgr:437 - getConditionDescription Invalid condition id : UX DEVICE CLASS RTOS Condition cause : null
2023-11-02 07:56:57,908 [WARN] ConditionMgr:437 - getConditionDescription Invalid condition id : UX DEVICE CLASS RTOS Condition cause : null
2023-11-02 07:56:57,940 [WARN] PackLoader:238 - Cannot read IP mode file for STMicroelectronics.X-CUBE-AZRTOS-H7.3.1.0
2023-11-02 07:56:57,940 [WARN] ConditionMgr:1038 - genDependencies : Invalid condition id : UX DEVICE CLASS RTOS Condition cause : null
2023-11-02 07:56:57,940 [WARN] ConditionMgr:1038 - genDependencies : Invalid condition id : UX DEVICE CLASS RTOS Condition cause : null
2023-11-02 07:56:57,940 [WARN] ConditionMgr:1038 - genDependencies : Invalid condition id : UX DEVICE CLASS RTOS Condition cause : null
2023-11-02 07:56:57,940 [WARN] ConditionMgr:1038 - genDependencies : Invalid condition id : UX DEVICE CLASS RTOS Condition cause : null
2023-11-02 07:56:57,940 [WARN] ConditionMgr:1038 - genDependencies : Invalid condition id : UX DEVICE CLASS RTOS Condition cause : null
2023-11-02 07:56:57,955 [WARN] PackLoader:238 - Cannot read IP mode file for STMicroelectronics.X-CUBE-NFC7.1.0.1
2023-11-02 07:56:57,955 [WARN] PackLoader:238 - Cannot read IP mode file for STMicroelectronics.X-CUBE-NFC6.3.0.0
2023-11-02 07:56:57,971 [WARN] PackLoader:238 - Cannot read IP mode file for STMicroelectronics.X-CUBE-EEPRMA1.4.1.0
2023-11-02 07:56:57,986 [WARN] PackLoader:238 - Cannot read IP mode file for STMicroelectronics.X-CUBE-AI.8.1.0
2023-11-02 07:56:58,018 [WARN] ConditionMgr:437 - getConditionDescription Invalid condition id : LAN8742 Phy interface Condition cause : null
2023-11-02 07:56:58,018 [WARN] PackLoader:238 - Cannot read IP mode file for STMicroelectronics.X-CUBE-AZRTOS-L4.2.0.0
2023-11-02 07:56:58,018 [WARN] ConditionMgr:1038 - genDependencies : Invalid condition id : LAN8742 Phy interface Condition cause : null
2023-11-02 07:56:58,018 [WARN] ConditionMgr:1038 - genDependencies : Invalid condition id : LAN8742 Phy interface Condition cause : null
2023-11-02 07:56:58,018 [WARN] ConditionMgr:1038 - genDependencies : Invalid condition id : LAN8742 Phy interface Condition cause : null
2023-11-02 07:56:58,033 [WARN] PackLoader:238 - Cannot read IP mode file for STMicroelectronics.X-CUBE-SFXS2LP1.4.0.0
2023-11-02 07:56:58,049 [WARN] PackLoader:238 - Cannot read IP mode file for STMicroelectronics.X-CUBE-ISPU.1.1.0
2023-11-02 07:56:58,065 [WARN] ConditionMgr:437 - getConditionDescription Invalid condition id : UX DEVICE CLASS RTOS Condition cause : null
2023-11-02 07:56:58,065 [WARN] ConditionMgr:437 - getConditionDescription Invalid condition id : UX DEVICE CLASS RTOS Condition cause : null
2023-11-02 07:56:58,080 [WARN] PackLoader:238 - Cannot read IP mode file for STMicroelectronics.X-CUBE-AZRTOS-WB.2.0.0
2023-11-02 07:56:58,080 [WARN] ConditionMgr:1038 - genDependencies : Invalid condition id : UX DEVICE CLASS RTOS Condition cause : null
2023-11-02 07:56:58,080 [WARN] ConditionMgr:1038 - genDependencies : Invalid condition id : UX DEVICE CLASS RTOS Condition cause : null
2023-11-02 07:56:58,080 [WARN] ConditionMgr:1038 - genDependencies : Invalid condition id : UX DEVICE CLASS RTOS Condition cause : null
2023-11-02 07:56:58,080 [WARN] ConditionMgr:1038 - genDependencies : Invalid condition id : UX DEVICE CLASS RTOS Condition cause : null
2023-11-02 07:56:58,080 [WARN] ConditionMgr:1038 - genDependencies : Invalid condition id : UX DEVICE CLASS RTOS Condition cause : null
2023-11-02 07:56:58,096 [WARN] PackLoader:238 - Cannot read IP mode file for STMicroelectronics.X-CUBE-SUBG2.5.0.0
2023-11-02 07:56:58,111 [ERROR] Engine:463 - C:\Users\ASUS TUF\.stm32cubemx\thirdparties\pdsc\STMicroelectronics.X-CUBE-TOF1.3.3.1.pdsc: PDSC version is not supported
2023-11-02 07:56:58,127 [WARN] PackLoader:238 - Cannot read IP mode file for STMicroelectronics.X-CUBE-AZRTOS-G4.2.0.0
2023-11-02 07:56:58,143 [ERROR] Engine:463 - C:\Users\ASUS TUF\.stm32cubemx\thirdparties\pdsc\Infineon.AIROC-Wi-Fi-Bluetooth-STM32.1.5.1.pdsc: PDSC version is not supported
2023-11-02 07:56:58,205 [WARN] PackLoader:238 - Cannot read IP mode file for STMicroelectronics.X-CUBE-MEMS1.10.0.0
2023-11-02 07:56:58,362 [ERROR] Engine:463 - C:\Users\ASUS TUF\.stm32cubemx\thirdparties\pdsc\STMicroelectronics.X-CUBE-FREERTOS.1.1.0.pdsc: PDSC version is not supported
2023-11-02 07:56:58,362 [WARN] PackLoader:238 - Cannot read IP mode file for portGmbH.I-Cube-SoM-uGOAL.1.1.0
2023-11-02 07:56:58,377 [WARN] PackLoader:238 - Cannot read IP mode file for STMicroelectronics.X-CUBE-ALS.1.0.1
2023-11-02 07:56:58,393 [WARN] PackLoader:238 - Cannot read IP mode file for STMicroelectronics.FP-ATR-ASTRA1.2.0.0
2023-11-02 07:56:58,393 [INFO] ThirdParty:915 - Integrity check success = true
2023-11-02 07:56:58,393 [INFO] IntegrityCheckThread:94 - exiting critical section [integrity check]
2023-11-02 07:56:58,393 [INFO] IntegrityCheckThread:97 - End integrity checks thread
2023-11-02 07:56:59,409 [INFO] Context:592 - Trying to add GPIOservice into a context  which must be forbidden
2023-11-02 07:56:59,659 [INFO] ImportTextPane:167 - (OptionalMessage_ERROR) Unable to find key (Mcu.ThirdPartyNb) in loaded IOC file
2023-11-02 07:56:59,659 [INFO] ImportTextPane:167 - (OptionalMessage_ERROR) Unable to find key (Mcu.PinsNb) in loaded IOC file
2023-11-02 07:56:59,659 [INFO] ImportTextPane:167 - (OptionalMessage_ERROR) Unable to find key (Mcu.IPNb) in loaded IOC file
2023-11-02 07:56:59,706 [WARN] ApiManager:304 - Cannot register API 'Board Extension:GNSS1A1' from pack STMicroelectronics.X-CUBE-GNSS1.6.0.0: no header file found
2023-11-02 07:56:59,706 [WARN] ApiManager:304 - Cannot register API 'Board Support:Custom' from pack STMicroelectronics.X-CUBE-GNSS1.6.0.0: no header file found
2023-11-02 07:56:59,706 [WARN] ApiManager:304 - Cannot register API 'Data Exchange:lib_gnss' from pack STMicroelectronics.X-CUBE-GNSS1.6.0.0: no header file found
2023-11-02 07:56:59,925 [WARN] ApiManager:304 - Cannot register API 'Board Extension:IKS01A3' from pack STMicroelectronics.X-CUBE-MEMS1.9.6.0: no header file found
2023-11-02 07:56:59,925 [WARN] ApiManager:304 - Cannot register API 'Board Extension:IKS01A2' from pack STMicroelectronics.X-CUBE-MEMS1.9.6.0: no header file found
2023-11-02 07:56:59,925 [WARN] ApiManager:304 - Cannot register API 'Board Extension:IKS02A1' from pack STMicroelectronics.X-CUBE-MEMS1.9.6.0: no header file found
2023-11-02 07:56:59,925 [WARN] ApiManager:304 - Cannot register API 'Board Extension:EEPRMA2' from pack STMicroelectronics.X-CUBE-EEPRMA1.4.2.0: no header file found
2023-11-02 07:56:59,925 [WARN] ApiManager:304 - Cannot register API 'Board Extension:PGEEZ1' from pack STMicroelectronics.X-CUBE-EEPRMA1.4.2.0: no header file found
2023-11-02 07:56:59,925 [WARN] ApiManager:304 - Cannot register API 'Board Part:M24' from pack STMicroelectronics.X-CUBE-EEPRMA1.4.2.0: no header file found
2023-11-02 07:56:59,925 [WARN] ApiManager:304 - Cannot register API 'Board Part:M95' from pack STMicroelectronics.X-CUBE-EEPRMA1.4.2.0: no header file found
2023-11-02 07:56:59,925 [WARN] ApiManager:304 - Cannot register API 'Board Part:M95P32' from pack STMicroelectronics.X-CUBE-EEPRMA1.4.2.0: no header file found
2023-11-02 07:56:59,925 [WARN] ApiManager:304 - Cannot register API 'PGEEZ1:SPI' from pack STMicroelectronics.X-CUBE-EEPRMA1.4.2.0: no header file found
2023-11-02 07:56:59,925 [WARN] ApiManager:304 - Cannot register API 'PGEEZ1:QDSPI' from pack STMicroelectronics.X-CUBE-EEPRMA1.4.2.0: no header file found
2023-11-02 07:56:59,925 [INFO] RtosManager:484 - Registered RTOS mode: class=CMSIS, group=RTOS, mode=CMSIS_V1, owner=FREERTOS
2023-11-02 07:56:59,925 [INFO] RtosManager:484 - Registered RTOS mode: class=CMSIS, group=RTOS2, mode=CMSIS_V2, owner=FREERTOS
2023-11-02 07:56:59,925 [INFO] RtosManager:484 - Registered RTOS mode: class=RTOS, group=Core, mode=CMSIS_V1, owner=FREERTOS
2023-11-02 07:56:59,925 [INFO] RtosManager:484 - Registered RTOS mode: class=RTOS, group=Core, mode=CMSIS_V2, owner=FREERTOS
2023-11-02 07:56:59,925 [WARN] ModelIntegratedComponent:181 - Missing modes for component STMicroelectronics:FreeRTOS:0.0.1:STMicroelectronics:RTOS:FreeRTOS:Core:::10.2.0:
2023-11-02 07:56:59,925 [WARN] ApiManager:304 - Cannot register API 'Board Extension:NFC04A1' from pack STMicroelectronics.X-CUBE-NFC4.3.0.0: no header file found
2023-11-02 07:56:59,940 [WARN] ApiManager:304 - Cannot register API 'Board Extension:S2868A1' from pack STMicroelectronics.X-CUBE-SUBG2.5.0.0: no header file found
2023-11-02 07:56:59,940 [WARN] ApiManager:304 - Cannot register API 'Board Extension:S2868A2' from pack STMicroelectronics.X-CUBE-SUBG2.5.0.0: no header file found
2023-11-02 07:56:59,940 [WARN] ApiManager:304 - Cannot register API 'Board Extension:S2915A1' from pack STMicroelectronics.X-CUBE-SUBG2.5.0.0: no header file found
2023-11-02 07:56:59,940 [WARN] ApiManager:304 - Cannot register API 'Wireless:BlueNRG-MS' from pack STMicroelectronics.X-CUBE-BLE1.7.0.0: no header file found
2023-11-02 07:56:59,940 [WARN] ModelIntegratedComponent:60 - No mode defined for component null
2023-11-02 07:56:59,940 [WARN] ModelIntegratedComponent:60 - No mode defined for component null
2023-11-02 07:56:59,940 [WARN] ModelIntegratedComponent:60 - No mode defined for component null
2023-11-02 07:56:59,940 [WARN] ModelIntegratedComponent:60 - No mode defined for component null
2023-11-02 07:56:59,940 [WARN] ModelIntegratedComponent:60 - No mode defined for component null
2023-11-02 07:56:59,940 [WARN] ModelIntegratedComponent:60 - No mode defined for component null
2023-11-02 07:56:59,940 [WARN] ModelIntegratedComponent:60 - No mode defined for component null
2023-11-02 07:56:59,940 [WARN] ModelIntegratedComponent:60 - No mode defined for component null
2023-11-02 07:56:59,940 [WARN] ModelIntegratedComponent:60 - No mode defined for component null
2023-11-02 07:56:59,940 [WARN] ModelIntegratedComponent:60 - No mode defined for component null
2023-11-02 07:56:59,940 [WARN] ModelIntegratedComponent:60 - No mode defined for component null
2023-11-02 07:56:59,940 [WARN] ModelIntegratedComponent:60 - No mode defined for component null
2023-11-02 07:56:59,940 [WARN] ModelIntegratedComponent:60 - No mode defined for component null
2023-11-02 07:56:59,940 [WARN] ModelIntegratedComponent:60 - No mode defined for component null
2023-11-02 07:56:59,940 [WARN] ModelIntegratedComponent:60 - No mode defined for component null
2023-11-02 07:56:59,940 [WARN] ModelIntegratedComponent:60 - No mode defined for component null
2023-11-02 07:56:59,940 [WARN] ModelIntegratedComponent:60 - No mode defined for component null
2023-11-02 07:56:59,940 [WARN] ModelIntegratedComponent:60 - No mode defined for component null
2023-11-02 07:56:59,940 [WARN] ModelIntegratedComponent:60 - No mode defined for component null
2023-11-02 07:56:59,940 [WARN] ModelIntegratedComponent:60 - No mode defined for component null
2023-11-02 07:56:59,940 [WARN] ModelIntegratedComponent:60 - No mode defined for component null
2023-11-02 07:56:59,940 [WARN] ModelIntegratedComponent:60 - No mode defined for component null
2023-11-02 07:56:59,940 [WARN] ModelIntegratedComponent:60 - No mode defined for component null
2023-11-02 07:56:59,940 [WARN] ModelIntegratedComponent:60 - No mode defined for component null
2023-11-02 07:56:59,940 [WARN] ModelIntegratedComponent:60 - No mode defined for component null
2023-11-02 07:56:59,940 [WARN] ModelIntegratedComponent:60 - No mode defined for component null
2023-11-02 07:56:59,940 [WARN] ModelIntegratedComponent:60 - No mode defined for component null
2023-11-02 07:56:59,940 [WARN] ModelIntegratedComponent:60 - No mode defined for component null
2023-11-02 07:56:59,940 [WARN] ModelIntegratedComponent:60 - No mode defined for component null
2023-11-02 07:56:59,940 [WARN] ModelIntegratedComponent:60 - No mode defined for component null
2023-11-02 07:56:59,940 [WARN] ModelIntegratedComponent:60 - No mode defined for component null
2023-11-02 07:57:00,112 [WARN] ApiManager:304 - Cannot register API 'Board Extension:IKS01A3' from pack STMicroelectronics.X-CUBE-MEMS1.10.0.0: no header file found
2023-11-02 07:57:00,112 [WARN] ApiManager:304 - Cannot register API 'Board Extension:IKS02A1' from pack STMicroelectronics.X-CUBE-MEMS1.10.0.0: no header file found
2023-11-02 07:57:00,112 [WARN] ApiManager:304 - Cannot register API 'Board Extension:IKS4A1' from pack STMicroelectronics.X-CUBE-MEMS1.10.0.0: no header file found
2023-11-02 07:57:00,112 [WARN] ApiManager:304 - Cannot register API 'Board Extension:NFC07A1' from pack STMicroelectronics.X-CUBE-NFC7.1.0.1: no header file found
2023-11-02 07:57:00,128 [WARN] ApiManager:304 - Cannot register API 'Board Extension:NFC06A1' from pack STMicroelectronics.X-CUBE-NFC6.3.0.0: no header file found
2023-11-02 07:57:00,128 [WARN] ApiManager:304 - Cannot register API 'Board Extension:NFC08A1' from pack STMicroelectronics.X-CUBE-NFC6.3.0.0: no header file found
2023-11-02 07:57:00,128 [WARN] ApiManager:304 - Cannot register API 'Board Extension:EEPRMA1' from pack STMicroelectronics.X-CUBE-EEPRMA1.4.1.0: no header file found
2023-11-02 07:57:00,128 [WARN] ApiManager:304 - Cannot register API 'Board Extension:EEPRMA2' from pack STMicroelectronics.X-CUBE-EEPRMA1.4.1.0: no header file found
2023-11-02 07:57:00,128 [WARN] ApiManager:304 - Cannot register API 'Board Extension:PGEEZ1' from pack STMicroelectronics.X-CUBE-EEPRMA1.4.1.0: no header file found
2023-11-02 07:57:00,128 [WARN] ApiManager:304 - Cannot register API 'Board Part:M24' from pack STMicroelectronics.X-CUBE-EEPRMA1.4.1.0: no header file found
2023-11-02 07:57:00,128 [WARN] ApiManager:304 - Cannot register API 'Board Part:M95' from pack STMicroelectronics.X-CUBE-EEPRMA1.4.1.0: no header file found
2023-11-02 07:57:00,128 [WARN] ApiManager:304 - Cannot register API 'Board Part:M95P32' from pack STMicroelectronics.X-CUBE-EEPRMA1.4.1.0: no header file found
2023-11-02 07:57:00,128 [WARN] ApiManager:304 - Cannot register API 'PGEEZ1:SPI' from pack STMicroelectronics.X-CUBE-EEPRMA1.4.1.0: no header file found
2023-11-02 07:57:00,128 [WARN] ApiManager:304 - Cannot register API 'PGEEZ1:QDSPI' from pack STMicroelectronics.X-CUBE-EEPRMA1.4.1.0: no header file found
2023-11-02 07:57:00,128 [WARN] ApiManager:304 - Cannot register API 'Board Extension:S2868A1' from pack STMicroelectronics.X-CUBE-SFXS2LP1.4.0.0: no header file found
2023-11-02 07:57:00,128 [WARN] ApiManager:304 - Cannot register API 'Board Extension:S2868A2' from pack STMicroelectronics.X-CUBE-SFXS2LP1.4.0.0: no header file found
2023-11-02 07:57:00,128 [WARN] ApiManager:304 - Cannot register API 'Board Extension:S2915A1' from pack STMicroelectronics.X-CUBE-SFXS2LP1.4.0.0: no header file found
2023-11-02 07:57:00,128 [WARN] ApiManager:304 - Cannot register API 'Wireless:BlueNRG-2' from pack STMicroelectronics.X-CUBE-BLE2.3.3.0: no header file found
2023-11-02 07:57:03,176 [INFO] UtilMem:74 - End LoadConfig() Used Memory: 754093808 Bytes (858783744)
2023-11-02 07:57:03,192 [WARN] ThirdParty:779 - waiting for thirdparty lock release [change project]
2023-11-02 07:57:03,192 [INFO] ThirdParty:781 - entering critical section [change project]
2023-11-02 07:57:03,192 [INFO] ThirdParty:967 - CMSIS Pack Vendor :STMicroelectronics X-CUBE-ISPU 1.1.0
2023-11-02 07:57:03,192 [INFO] ThirdParty:967 - CMSIS Pack Vendor :STMicroelectronics X-CUBE-GNSS1 6.0.0
2023-11-02 07:57:03,192 [INFO] ThirdParty:967 - CMSIS Pack Vendor :STMicroelectronics USB_HOST 2.0.0
2023-11-02 07:57:03,192 [INFO] ThirdParty:967 - CMSIS Pack Vendor :STMicroelectronics X-CUBE-AZRTOS-F4 1.1.0
2023-11-02 07:57:03,192 [INFO] ThirdParty:967 - CMSIS Pack Vendor :wolfSSL I-CUBE-wolfSSL 5.6.3
2023-11-02 07:57:03,192 [INFO] ThirdParty:967 - CMSIS Pack Vendor :STMicroelectronics USB_DEVICE 3.0.0
2023-11-02 07:57:03,192 [INFO] ThirdParty:967 - CMSIS Pack Vendor :STMicroelectronics X-CUBE-AZRTOS-WB 2.0.0
2023-11-02 07:57:03,192 [INFO] ThirdParty:967 - CMSIS Pack Vendor :STMicroelectronics X-CUBE-AZRTOS-F7 1.1.0
2023-11-02 07:57:03,192 [INFO] ThirdParty:967 - CMSIS Pack Vendor :STMicroelectronics X-CUBE-AZRTOS-L5 2.0.0
2023-11-02 07:57:03,192 [INFO] ThirdParty:967 - CMSIS Pack Vendor :STMicroelectronics USB_DEVICE 2.0.0
2023-11-02 07:57:03,192 [INFO] ThirdParty:967 - CMSIS Pack Vendor :STMicroelectronics X-CUBE-MEMS1 9.6.0
2023-11-02 07:57:03,192 [INFO] ThirdParty:967 - CMSIS Pack Vendor :STMicroelectronics X-CUBE-EEPRMA1 4.2.0
2023-11-02 07:57:03,192 [INFO] ThirdParty:967 - CMSIS Pack Vendor :STMicroelectronics X-CUBE-ALGOBUILD 1.3.0
2023-11-02 07:57:03,192 [INFO] ThirdParty:967 - CMSIS Pack Vendor :STMicroelectronics FreeRTOS 0.0.1
2023-11-02 07:57:03,192 [INFO] ThirdParty:967 - CMSIS Pack Vendor :STMicroelectronics X-CUBE-AZRTOS-G0 1.1.0
2023-11-02 07:57:03,192 [INFO] ThirdParty:967 - CMSIS Pack Vendor :STMicroelectronics X-CUBE-BLEMGR 2.0.0
2023-11-02 07:57:03,192 [INFO] ThirdParty:967 - CMSIS Pack Vendor :STMicroelectronics X-CUBE-NFC4 3.0.0
2023-11-02 07:57:03,192 [INFO] ThirdParty:967 - CMSIS Pack Vendor :STMicroelectronics X-CUBE-SUBG2 5.0.0
2023-11-02 07:57:03,192 [INFO] ThirdParty:967 - CMSIS Pack Vendor :STMicroelectronics lwIP 2.0.3
2023-11-02 07:57:03,192 [INFO] ThirdParty:967 - CMSIS Pack Vendor :STMicroelectronics USB_HOST 1.0.0
2023-11-02 07:57:03,192 [INFO] ThirdParty:967 - CMSIS Pack Vendor :STMicroelectronics X-CUBE-AZRTOS-G4 2.0.0
2023-11-02 07:57:03,192 [INFO] ThirdParty:967 - CMSIS Pack Vendor :STMicroelectronics PDM2PCM 3.1.0
2023-11-02 07:57:03,192 [INFO] ThirdParty:967 - CMSIS Pack Vendor :STMicroelectronics X-CUBE-AZRTOS-H7 3.1.0
2023-11-02 07:57:03,192 [INFO] ThirdParty:967 - CMSIS Pack Vendor :STMicroelectronics PDM2PCM 3.3.0
2023-11-02 07:57:03,192 [INFO] ThirdParty:967 - CMSIS Pack Vendor :STMicroelectronics X-CUBE-BLE1 7.0.0
2023-11-02 07:57:03,192 [INFO] ThirdParty:967 - CMSIS Pack Vendor :STMicroelectronics FP-ATR-SIGFOX1 3.2.0
2023-11-02 07:57:03,192 [INFO] ThirdParty:967 - CMSIS Pack Vendor :STMicroelectronics HAL Drivers 0.0.0
2023-11-02 07:57:03,192 [INFO] ThirdParty:967 - CMSIS Pack Vendor :STMicroelectronics MBEDTLS 2.16.2
2023-11-02 07:57:03,192 [INFO] ThirdParty:967 - CMSIS Pack Vendor :STMicroelectronics X-CUBE-MEMS1 10.0.0
2023-11-02 07:57:03,192 [INFO] ThirdParty:967 - CMSIS Pack Vendor :STMicroelectronics X-CUBE-TOUCHGFX 4.22.0
2023-11-02 07:57:03,192 [INFO] ThirdParty:967 - CMSIS Pack Vendor :STMicroelectronics X-CUBE-NFC7 1.0.1
2023-11-02 07:57:03,192 [INFO] ThirdParty:967 - CMSIS Pack Vendor :STMicroelectronics MBEDTLS 2.14.1
2023-11-02 07:57:03,192 [INFO] ThirdParty:967 - CMSIS Pack Vendor :STMicroelectronics X-CUBE-TOUCHGFX 4.22.1
2023-11-02 07:57:03,192 [INFO] ThirdParty:967 - CMSIS Pack Vendor :STMicroelectronics X-CUBE-NFC6 3.0.0
2023-11-02 07:57:03,192 [INFO] ThirdParty:967 - CMSIS Pack Vendor :STMicroelectronics X-CUBE-EEPRMA1 4.1.0
2023-11-02 07:57:03,192 [INFO] ThirdParty:967 - CMSIS Pack Vendor :portGmbH I-Cube-SoM-uGOAL 1.1.0
2023-11-02 07:57:03,192 [INFO] ThirdParty:967 - CMSIS Pack Vendor :STMicroelectronics X-CUBE-ALS 1.0.1
2023-11-02 07:57:03,192 [INFO] ThirdParty:967 - CMSIS Pack Vendor :STMicroelectronics X-CUBE-AZRTOS-WL 2.0.0
2023-11-02 07:57:03,192 [INFO] ThirdParty:967 - CMSIS Pack Vendor :SEGGER I-CUBE-embOS 1.3.1
2023-11-02 07:57:03,192 [INFO] ThirdParty:967 - CMSIS Pack Vendor :STMicroelectronics USB_DEVICE 1.0.0
2023-11-02 07:57:03,192 [INFO] ThirdParty:967 - CMSIS Pack Vendor :STMicroelectronics X-CUBE-AI 8.1.0
2023-11-02 07:57:03,192 [INFO] ThirdParty:967 - CMSIS Pack Vendor :STMicroelectronics X-CUBE-AZRTOS-L4 2.0.0
2023-11-02 07:57:03,192 [INFO] ThirdParty:967 - CMSIS Pack Vendor :STMicroelectronics ThreadX 0.0.2
2023-11-02 07:57:03,192 [INFO] ThirdParty:967 - CMSIS Pack Vendor :WES I-CUBE-Cesium 1.3.0
2023-11-02 07:57:03,192 [INFO] ThirdParty:967 - CMSIS Pack Vendor :STMicroelectronics FP-ATR-ASTRA1 2.0.0
2023-11-02 07:57:03,192 [INFO] ThirdParty:967 - CMSIS Pack Vendor :STMicroelectronics lwIP 2.1.2
2023-11-02 07:57:03,192 [INFO] ThirdParty:967 - CMSIS Pack Vendor :STMicroelectronics X-CUBE-SFXS2LP1 4.0.0
2023-11-02 07:57:03,192 [INFO] ThirdParty:967 - CMSIS Pack Vendor :STMicroelectronics X-CUBE-BLE2 3.3.0
2023-11-02 07:57:03,192 [INFO] ThirdParty:967 - CMSIS Pack Vendor :STMicroelectronics PDM2PCM 3.2.0
2023-11-02 07:57:03,192 [INFO] ThirdParty:787 - exiting critical section [change project]
2023-11-02 07:57:03,410 [INFO] PinOutPanel:1463 - setPackage(No Configuration,No Configuration)
2023-11-02 07:57:03,410 [INFO] PinOutPanel:1463 - setPackage(STM32F103C6Tx,LQFP48)
2023-11-02 07:57:03,754 [INFO] UtilMem:74 - Before build in PCC Used Memory: 647681424 Bytes (858783744)
2023-11-02 07:57:04,410 [INFO] UtilMem:74 - After build in PCC Used Memory: 726324648 Bytes (858783744)
2023-11-02 07:57:04,426 [INFO] IPUIPlugin:74 - create IPUIPlugin
2023-11-02 07:57:04,426 [INFO] IPUIPlugin:74 - create IPUIPlugin
2023-11-02 07:57:04,426 [INFO] IPUIPlugin:74 - create IPUIPlugin
2023-11-02 07:57:04,426 [INFO] IPUIPlugin:74 - create IPUIPlugin
2023-11-02 07:57:04,426 [INFO] IPUIPlugin:74 - create IPUIPlugin
2023-11-02 07:57:04,426 [INFO] IPUIPlugin:74 - create IPUIPlugin
2023-11-02 07:57:04,426 [INFO] IPUIPlugin:74 - create IPUIPlugin
2023-11-02 07:57:04,426 [INFO] IPUIPlugin:74 - create IPUIPlugin
2023-11-02 07:57:04,426 [INFO] IPUIPlugin:74 - create IPUIPlugin
2023-11-02 07:57:04,426 [INFO] IPUIPlugin:74 - create IPUIPlugin
2023-11-02 07:57:04,426 [INFO] IPUIPlugin:74 - create IPUIPlugin
2023-11-02 07:57:04,426 [INFO] IPUIPlugin:74 - create IPUIPlugin
2023-11-02 07:57:04,441 [INFO] IPUIPlugin:74 - create IPUIPlugin
2023-11-02 07:57:04,441 [INFO] IPUIPlugin:74 - create IPUIPlugin
2023-11-02 07:57:04,441 [INFO] IPUIPlugin:74 - create IPUIPlugin
2023-11-02 07:57:04,441 [INFO] IPUIPlugin:74 - create IPUIPlugin
2023-11-02 07:57:04,441 [INFO] IPUIPlugin:74 - create IPUIPlugin
2023-11-02 07:57:04,441 [INFO] IPUIPlugin:74 - create IPUIPlugin
2023-11-02 07:57:04,441 [INFO] IPUIPlugin:74 - create IPUIPlugin
2023-11-02 07:57:04,441 [INFO] IPUIPlugin:74 - create IPUIPlugin
2023-11-02 07:57:04,441 [INFO] IPUIPlugin:74 - create IPUIPlugin
2023-11-02 07:57:04,441 [INFO] IPUIPlugin:74 - create IPUIPlugin
2023-11-02 07:57:04,441 [INFO] IPUIPlugin:74 - create IPUIPlugin
2023-11-02 07:57:04,551 [INFO] OpenFileManager:333 - Restore cursor
2023-11-02 07:57:04,801 [INFO] UtilMem:74 - End SaveConfig() Used Memory: 674528944 Bytes (858783744)
2023-11-02 07:57:04,864 [INFO] UtilMem:74 - End SaveConfig() Used Memory: 687111856 Bytes (858783744)
2023-11-02 07:57:05,176 [INFO] BlockDiagram:2740 - set Specific Code input for plugin: NVIC
2023-11-02 07:57:05,176 [INFO] BlockDiagram:2740 - set Specific Code input for plugin: SYS
2023-11-02 07:57:05,176 [INFO] BlockDiagram:2740 - set Specific Code input for plugin: RCC
2023-11-02 07:57:05,176 [INFO] CodeGenerator:663 - code generatio: config db path: C:\ST\STM32CubeIDE_1.7.0\STM32CubeIDE\plugins\com.st.stm32cube.common.mx_6.3.0.202107141111\\db\
2023-11-02 07:57:05,551 [INFO] CodeEngine:239 - oldGeneratedFile, D:\BACH KHOA\Semester 5\Vi Xu Ly\LAB3\STM32 code\MXTmpFiles\license.tmp_save
2023-11-02 07:57:05,864 [INFO] CodeEngine:257 - Generated code: D:\BACH KHOA\Semester 5\Vi Xu Ly\LAB3\STM32 code\MXTmpFiles\license.tmp
2023-11-02 07:57:05,989 [INFO] CodeEngine:239 - oldGeneratedFile, D:\BACH KHOA\Semester 5\Vi Xu Ly\LAB3\STM32 code\Core\Src\stm32f1xx_it.c_save
2023-11-02 07:57:06,098 [INFO] CodeEngine:257 - Generated code: D:\BACH KHOA\Semester 5\Vi Xu Ly\LAB3\STM32 code\Core\Src\stm32f1xx_it.c
2023-11-02 07:57:06,098 [INFO] CodeEngine:239 - oldGeneratedFile, D:\BACH KHOA\Semester 5\Vi Xu Ly\LAB3\STM32 code\Core\Inc\stm32f1xx_it.h_save
2023-11-02 07:57:06,176 [INFO] CodeEngine:257 - Generated code: D:\BACH KHOA\Semester 5\Vi Xu Ly\LAB3\STM32 code\Core\Inc\stm32f1xx_it.h
2023-11-02 07:57:06,192 [INFO] CodeEngine:239 - oldGeneratedFile, D:\BACH KHOA\Semester 5\Vi Xu Ly\LAB3\STM32 code\Core\Src\stm32f1xx_hal_msp.c_save
2023-11-02 07:57:06,301 [INFO] CodeEngine:257 - Generated code: D:\BACH KHOA\Semester 5\Vi Xu Ly\LAB3\STM32 code\Core\Src\stm32f1xx_hal_msp.c
2023-11-02 07:57:06,317 [INFO] CodeEngine:239 - oldGeneratedFile, D:\BACH KHOA\Semester 5\Vi Xu Ly\LAB3\STM32 code\MXTmpFiles\system.tmp_save
2023-11-02 07:57:06,364 [INFO] CodeEngine:257 - Generated code: D:\BACH KHOA\Semester 5\Vi Xu Ly\LAB3\STM32 code\MXTmpFiles\system.tmp
2023-11-02 07:57:06,380 [INFO] CodeEngine:239 - oldGeneratedFile, D:\BACH KHOA\Semester 5\Vi Xu Ly\LAB3\STM32 code\Core\Inc\stm32f1xx_hal_conf.h_save
2023-11-02 07:57:06,458 [INFO] CodeEngine:257 - Generated code: D:\BACH KHOA\Semester 5\Vi Xu Ly\LAB3\STM32 code\Core\Inc\stm32f1xx_hal_conf.h
2023-11-02 07:57:06,504 [INFO] CodeEngine:239 - oldGeneratedFile, D:\BACH KHOA\Semester 5\Vi Xu Ly\LAB3\STM32 code\Core\Inc\main.h_save
2023-11-02 07:57:06,614 [INFO] CodeEngine:257 - Generated code: D:\BACH KHOA\Semester 5\Vi Xu Ly\LAB3\STM32 code\Core\Inc\main.h
2023-11-02 07:57:06,629 [INFO] CodeEngine:239 - oldGeneratedFile, D:\BACH KHOA\Semester 5\Vi Xu Ly\LAB3\STM32 code\Core\Src\main.c_save
2023-11-02 07:57:06,754 [INFO] CodeEngine:257 - Generated code: D:\BACH KHOA\Semester 5\Vi Xu Ly\LAB3\STM32 code\Core\Src\main.c
2023-11-02 07:57:07,614 [INFO] ProjectBuilder:2578 - Time for Copy HAL[1] : 78mS.
2023-11-02 07:57:07,630 [INFO] ProjectBuilder:3622 - Project Generator version: 3.14.1
2023-11-02 07:57:08,130 [INFO] ConfigFileManager:1271 - The Die is : DIE412
2023-11-02 07:57:08,146 [INFO] ApiDbMcu:468 - Load IP Config File for FATFS
2023-11-02 07:57:08,192 [INFO] ApiDbMcu:468 - Load IP Config File for FREERTOS
2023-11-02 07:57:08,224 [INFO] ApiDbMcu:468 - Load IP Config File for USB_DEVICE
2023-11-02 07:57:14,460 [INFO] ProjectBuilder:3789 - Time for Generating toolchain IDE Files: 6830mS.
2023-11-02 07:57:14,460 [INFO] ProjectBuilder:2457 - Time for Copy CMSIS : 0mS.
2023-11-02 07:57:14,460 [INFO] ProjectBuilder:2457 - Time for Copy CMSIS : 0mS.
2023-11-02 07:57:15,975 [INFO] McuFinderGlobals:52 - Set McuFinderConnectedMode to true
2023-11-02 07:57:15,975 [INFO] ApiDb:276 - Save user favorites file C:\Users\ASUS TUF/.stm32cubeide/favorites.mcus.txt: 0 item(s)
2023-11-02 07:57:15,975 [INFO] ApiDb:280 - User favorites MCUs=[]
2023-11-02 07:57:53,130 [INFO] UtilMem:74 - End SaveConfig() Used Memory: 874869568 Bytes (1021313024)
2023-11-02 07:57:54,135 [INFO] UtilMem:74 - End SaveConfig() Used Memory: 900086064 Bytes (1021313024)
2023-11-02 07:57:56,552 [INFO] UtilMem:74 - End SaveConfig() Used Memory: 636972064 Bytes (1021313024)
2023-11-02 07:57:56,959 [INFO] BlockDiagram:2740 - set Specific Code input for plugin: NVIC
2023-11-02 07:57:56,959 [INFO] BlockDiagram:2740 - set Specific Code input for plugin: SYS
2023-11-02 07:57:56,959 [INFO] BlockDiagram:2740 - set Specific Code input for plugin: RCC
2023-11-02 07:57:56,959 [INFO] CodeGenerator:663 - code generatio: config db path: C:\ST\STM32CubeIDE_1.7.0\STM32CubeIDE\plugins\com.st.stm32cube.common.mx_6.3.0.202107141111\\db\
2023-11-02 07:57:57,227 [INFO] CodeEngine:239 - oldGeneratedFile, D:\BACH KHOA\Semester 5\Vi Xu Ly\LAB3\STM32 code\MXTmpFiles\license.tmp_save
2023-11-02 07:57:57,280 [INFO] CodeEngine:257 - Generated code: D:\BACH KHOA\Semester 5\Vi Xu Ly\LAB3\STM32 code\MXTmpFiles\license.tmp
2023-11-02 07:57:57,296 [INFO] CodeEngine:239 - oldGeneratedFile, D:\BACH KHOA\Semester 5\Vi Xu Ly\LAB3\STM32 code\Core\Src\stm32f1xx_it.c_save
2023-11-02 07:57:57,390 [INFO] CodeEngine:257 - Generated code: D:\BACH KHOA\Semester 5\Vi Xu Ly\LAB3\STM32 code\Core\Src\stm32f1xx_it.c
2023-11-02 07:57:57,390 [INFO] CodeEngine:239 - oldGeneratedFile, D:\BACH KHOA\Semester 5\Vi Xu Ly\LAB3\STM32 code\Core\Inc\stm32f1xx_it.h_save
2023-11-02 07:57:57,503 [INFO] CodeEngine:257 - Generated code: D:\BACH KHOA\Semester 5\Vi Xu Ly\LAB3\STM32 code\Core\Inc\stm32f1xx_it.h
2023-11-02 07:57:57,515 [INFO] CodeEngine:239 - oldGeneratedFile, D:\BACH KHOA\Semester 5\Vi Xu Ly\LAB3\STM32 code\Core\Src\stm32f1xx_hal_msp.c_save
2023-11-02 07:57:57,687 [INFO] CodeEngine:257 - Generated code: D:\BACH KHOA\Semester 5\Vi Xu Ly\LAB3\STM32 code\Core\Src\stm32f1xx_hal_msp.c
2023-11-02 07:57:57,687 [INFO] CodeEngine:239 - oldGeneratedFile, D:\BACH KHOA\Semester 5\Vi Xu Ly\LAB3\STM32 code\MXTmpFiles\system.tmp_save
2023-11-02 07:57:57,765 [INFO] CodeEngine:257 - Generated code: D:\BACH KHOA\Semester 5\Vi Xu Ly\LAB3\STM32 code\MXTmpFiles\system.tmp
2023-11-02 07:57:57,781 [INFO] CodeEngine:239 - oldGeneratedFile, D:\BACH KHOA\Semester 5\Vi Xu Ly\LAB3\STM32 code\Core\Inc\stm32f1xx_hal_conf.h_save
2023-11-02 07:57:57,859 [INFO] CodeEngine:257 - Generated code: D:\BACH KHOA\Semester 5\Vi Xu Ly\LAB3\STM32 code\Core\Inc\stm32f1xx_hal_conf.h
2023-11-02 07:57:57,906 [INFO] CodeEngine:239 - oldGeneratedFile, D:\BACH KHOA\Semester 5\Vi Xu Ly\LAB3\STM32 code\Core\Inc\main.h_save
2023-11-02 07:57:57,968 [INFO] CodeEngine:257 - Generated code: D:\BACH KHOA\Semester 5\Vi Xu Ly\LAB3\STM32 code\Core\Inc\main.h
2023-11-02 07:57:57,968 [INFO] CodeEngine:239 - oldGeneratedFile, D:\BACH KHOA\Semester 5\Vi Xu Ly\LAB3\STM32 code\Core\Src\main.c_save
2023-11-02 07:57:58,125 [INFO] CodeEngine:257 - Generated code: D:\BACH KHOA\Semester 5\Vi Xu Ly\LAB3\STM32 code\Core\Src\main.c
2023-11-02 07:57:59,142 [INFO] ProjectBuilder:2578 - Time for Copy HAL[1] : 47mS.
2023-11-02 07:57:59,142 [INFO] ProjectBuilder:3622 - Project Generator version: 3.14.1
2023-11-02 07:57:59,720 [INFO] ConfigFileManager:1271 - The Die is : DIE412
2023-11-02 07:58:01,923 [INFO] ProjectBuilder:3789 - Time for Generating toolchain IDE Files: 2781mS.
2023-11-02 07:58:01,923 [INFO] ProjectBuilder:2457 - Time for Copy CMSIS : 0mS.
2023-11-02 07:58:01,923 [INFO] ProjectBuilder:2457 - Time for Copy CMSIS : 0mS.
